16:21:37  INFO      ingest  Ingest arguments: seasons=['2013-14'] dims_only=True enrich_bio=False awards=False salaries=True rosters=False include_playoffs=False pbp_limit=0 skip_reconciliation=False reconciliation_warn_only=False raw_backfill=False raw_dir=None raw_backfill_fail_fast=False analytics_view=None analytics_limit=20 analytics_output=None analytics_only=False metrics=False metrics_summary=False metrics_export_endpoint=None log_level=INFO log_file=logs\ingest_smart_rate_limit_auto_smoke.log runlog_tail=5
16:21:37  INFO      ingest  Initialising database schema...
16:21:37  INFO      ingest  Loading dimension tables...
16:21:37  INFO      src.etl.dimensions  Skipping dim_season (already loaded)
16:21:37  INFO      src.etl.dimensions  Skipping dim_team (already loaded)
16:21:37  INFO      src.etl.dimensions  Skipping dim_player static (already loaded)
16:21:37  INFO      ingest  Stage dimensions elapsed=0.00s
16:21:37  INFO      ingest  Checkpoint post-dimensions: etl_run_log status counts={'empty': 12, 'ok': 746, 'rate_limited': 1} delta={'empty': 12, 'ok': 746, 'rate_limited': 1} elapsed_since_previous=n/a
16:21:37  INFO      ingest  Checkpoint post-dimensions: table=dim_season row_count=80 delta=n/a previous=n/a
16:21:37  INFO      ingest  Checkpoint post-dimensions: table=dim_team row_count=30 delta=n/a previous=n/a
16:21:37  INFO      ingest  Checkpoint post-dimensions: table=dim_player row_count=5115 delta=n/a previous=n/a
16:21:37  INFO      ingest  Checkpoint post-dimensions: etl_run_log tail (latest 5 rows)
16:21:37  INFO      ingest  Checkpoint post-dimensions: runlog id=759 table=fact_salary season=2002-03 loader=salaries.load_player_salaries.v2 status=ok row_count=0 started=2026-02-21T21:20:44.054434+00:00 finished=2026-02-21T21:21:25.287768+00:00
16:21:37  INFO      ingest  Checkpoint post-dimensions: runlog id=758 table=fact_salary season=2001-02 loader=salaries.load_player_salaries.v2 status=ok row_count=0 started=2026-02-21T21:20:02.429410+00:00 finished=2026-02-21T21:20:42.054025+00:00
16:21:37  INFO      ingest  Checkpoint post-dimensions: runlog id=757 table=fact_salary season=2000-01 loader=salaries.load_player_salaries.v2 status=ok row_count=305 started=2026-02-21T21:19:50.817136+00:00 finished=2026-02-21T21:20:00.428991+00:00
16:21:37  INFO      ingest  Checkpoint post-dimensions: runlog id=756 table=fact_salary season=1999-00 loader=salaries.load_player_salaries.v2 status=ok row_count=0 started=2026-02-21T21:19:09.268443+00:00 finished=2026-02-21T21:19:48.816329+00:00
16:21:37  INFO      ingest  Checkpoint post-dimensions: runlog id=755 table=fact_salary season=1998-99 loader=salaries.load_player_salaries.v2 status=ok row_count=0 started=2026-02-21T21:18:27.726381+00:00 finished=2026-02-21T21:19:07.267583+00:00
16:21:37  INFO      ingest  Loading salary cap and player salaries...
16:21:37  INFO      src.etl.dimensions  Skipping dim_season (already loaded)
16:21:37  INFO      src.etl.salaries  dim_salary_cap: 41 rows upserted.
16:21:37  INFO      src.etl.dimensions  Skipping dim_season (already loaded)
16:21:37  INFO      src.etl.salaries  fact_salary (2013-14): team_map_source=fact_team_season teams=27
16:21:37  WARNING   src.etl.salaries  fact_salary (2013-14): stopping early due rate-limit url=https://www.basketball-reference.com/teams/ATL/2014.html retry_after=2368s max_allowed=300s
16:21:37  INFO      src.etl.salaries  fact_salary (2013-14): team_pages fetched=0 cached=0 candidate_rows=0 unmatched_names=0
16:21:37  INFO      ingest  Stage salaries elapsed=0.11s
16:21:37  INFO      ingest  Checkpoint post-salaries: etl_run_log status counts={'empty': 12, 'ok': 746, 'rate_limited': 2} delta={'rate_limited': 1} elapsed_since_previous=0.12s
16:21:37  INFO      ingest  Checkpoint post-salaries: table=dim_salary_cap row_count=41 delta=n/a previous=n/a
16:21:37  INFO      ingest  Checkpoint post-salaries: table=fact_salary row_count=2743 delta=n/a previous=n/a
16:21:37  INFO      ingest  Checkpoint post-salaries: etl_run_log tail (latest 5 rows)
16:21:37  INFO      ingest  Checkpoint post-salaries: runlog id=760 table=fact_salary season=2013-14 loader=salaries.load_player_salaries.v2 status=rate_limited row_count=0 started=2026-02-21T21:21:37.008853+00:00 finished=2026-02-21T21:21:37.120386+00:00
16:21:37  INFO      ingest  Checkpoint post-salaries: runlog id=759 table=fact_salary season=2002-03 loader=salaries.load_player_salaries.v2 status=ok row_count=0 started=2026-02-21T21:20:44.054434+00:00 finished=2026-02-21T21:21:25.287768+00:00
16:21:37  INFO      ingest  Checkpoint post-salaries: runlog id=758 table=fact_salary season=2001-02 loader=salaries.load_player_salaries.v2 status=ok row_count=0 started=2026-02-21T21:20:02.429410+00:00 finished=2026-02-21T21:20:42.054025+00:00
16:21:37  INFO      ingest  Checkpoint post-salaries: runlog id=757 table=fact_salary season=2000-01 loader=salaries.load_player_salaries.v2 status=ok row_count=305 started=2026-02-21T21:19:50.817136+00:00 finished=2026-02-21T21:20:00.428991+00:00
16:21:37  INFO      ingest  Checkpoint post-salaries: runlog id=756 table=fact_salary season=1999-00 loader=salaries.load_player_salaries.v2 status=ok row_count=0 started=2026-02-21T21:19:09.268443+00:00 finished=2026-02-21T21:19:48.816329+00:00
16:21:37  INFO      ingest  --dims-only set; skipping box scores.
16:21:37  INFO      ingest  Ingest total elapsed=0.12s
16:21:37  INFO      ingest  Ingest complete.
