00:51:00  INFO      ingest  Initialising database schema...
00:51:00  INFO      ingest  Loading dimension tables...
00:51:00  INFO      src.etl.dimensions  Skipping dim_season (already loaded)
00:51:00  INFO      src.etl.dimensions  Skipping dim_team (already loaded)
00:51:00  INFO      src.etl.dimensions  Skipping dim_player static (already loaded)
00:51:00  INFO      ingest  Checkpoint post-dimensions: etl_run_log status counts={'ok': 19}
00:51:00  INFO      ingest  Checkpoint post-dimensions: table=dim_season row_count=79
00:51:00  INFO      ingest  Checkpoint post-dimensions: table=dim_team row_count=30
00:51:00  INFO      ingest  Checkpoint post-dimensions: table=dim_player row_count=5115
00:51:00  INFO      ingest  Loading player awards...
00:51:32  INFO      src.etl.awards  Awards progress: 10/538 players processed (cached=0 fetched=10 failed=0 rows_buffered=14)
00:52:05  INFO      src.etl.awards  Awards progress: 20/538 players processed (cached=0 fetched=20 failed=0 rows_buffered=84)
00:52:43  INFO      src.etl.awards  Awards progress: 30/538 players processed (cached=0 fetched=30 failed=0 rows_buffered=108)
00:53:17  INFO      src.etl.awards  Awards progress: 40/538 players processed (cached=0 fetched=40 failed=0 rows_buffered=131)
00:53:50  INFO      src.etl.awards  Awards progress: 50/538 players processed (cached=0 fetched=50 failed=0 rows_buffered=158)
00:54:23  INFO      src.etl.awards  Awards progress: 60/538 players processed (cached=0 fetched=60 failed=0 rows_buffered=168)
00:54:56  INFO      src.etl.awards  Awards progress: 70/538 players processed (cached=0 fetched=70 failed=0 rows_buffered=230)
00:55:33  INFO      src.etl.awards  Awards progress: 80/538 players processed (cached=0 fetched=80 failed=0 rows_buffered=237)
00:56:05  INFO      src.etl.awards  Awards progress: 90/538 players processed (cached=0 fetched=90 failed=0 rows_buffered=245)
00:56:37  INFO      src.etl.awards  Awards progress: 100/538 players processed (cached=0 fetched=100 failed=0 rows_buffered=252)
00:57:10  INFO      src.etl.awards  Awards progress: 110/538 players processed (cached=0 fetched=110 failed=0 rows_buffered=334)
00:57:43  INFO      src.etl.awards  Awards progress: 120/538 players processed (cached=0 fetched=120 failed=0 rows_buffered=408)
00:58:16  INFO      src.etl.awards  Awards progress: 130/538 players processed (cached=0 fetched=130 failed=0 rows_buffered=463)
00:58:48  INFO      src.etl.awards  Awards progress: 140/538 players processed (cached=0 fetched=140 failed=0 rows_buffered=572)
00:59:19  INFO      src.etl.awards  Awards progress: 150/538 players processed (cached=0 fetched=150 failed=0 rows_buffered=615)
00:59:55  INFO      src.etl.awards  Awards progress: 160/538 players processed (cached=0 fetched=160 failed=0 rows_buffered=631)
01:00:31  INFO      src.etl.awards  Awards progress: 170/538 players processed (cached=0 fetched=170 failed=0 rows_buffered=724)
01:01:05  INFO      src.etl.awards  Awards progress: 180/538 players processed (cached=0 fetched=180 failed=0 rows_buffered=759)
01:01:41  INFO      src.etl.awards  Awards progress: 190/538 players processed (cached=0 fetched=190 failed=0 rows_buffered=847)
01:02:14  INFO      src.etl.awards  Awards progress: 200/538 players processed (cached=0 fetched=200 failed=0 rows_buffered=856)
01:02:46  INFO      src.etl.awards  Awards progress: 210/538 players processed (cached=0 fetched=210 failed=0 rows_buffered=894)
01:03:18  INFO      src.etl.awards  Awards progress: 220/538 players processed (cached=0 fetched=220 failed=0 rows_buffered=904)
01:03:52  INFO      src.etl.awards  Awards progress: 230/538 players processed (cached=0 fetched=230 failed=0 rows_buffered=941)
01:04:25  INFO      src.etl.awards  Awards progress: 240/538 players processed (cached=0 fetched=240 failed=0 rows_buffered=1135)
01:04:56  INFO      src.etl.awards  Awards progress: 250/538 players processed (cached=0 fetched=250 failed=0 rows_buffered=1189)
01:05:27  INFO      src.etl.awards  Awards progress: 260/538 players processed (cached=0 fetched=260 failed=0 rows_buffered=1199)
01:05:59  INFO      src.etl.awards  Awards progress: 270/538 players processed (cached=0 fetched=270 failed=0 rows_buffered=1202)
01:06:33  INFO      src.etl.awards  Awards progress: 280/538 players processed (cached=0 fetched=280 failed=0 rows_buffered=1212)
01:07:09  INFO      src.etl.awards  Awards progress: 290/538 players processed (cached=0 fetched=290 failed=0 rows_buffered=1298)
01:07:40  INFO      src.etl.awards  Awards progress: 300/538 players processed (cached=0 fetched=300 failed=0 rows_buffered=1343)
01:08:14  INFO      src.etl.awards  Awards progress: 310/538 players processed (cached=0 fetched=310 failed=0 rows_buffered=1352)
01:08:50  INFO      src.etl.awards  Awards progress: 320/538 players processed (cached=0 fetched=320 failed=0 rows_buffered=1356)
01:09:26  INFO      src.etl.awards  Awards progress: 330/538 players processed (cached=0 fetched=330 failed=0 rows_buffered=1372)
01:10:02  INFO      src.etl.awards  Awards progress: 340/538 players processed (cached=0 fetched=340 failed=0 rows_buffered=1411)
01:10:37  INFO      src.etl.awards  Awards progress: 350/538 players processed (cached=0 fetched=350 failed=0 rows_buffered=1437)
01:11:15  INFO      src.etl.awards  Awards progress: 360/538 players processed (cached=0 fetched=360 failed=0 rows_buffered=1441)
01:11:49  INFO      src.etl.awards  Awards progress: 370/538 players processed (cached=0 fetched=370 failed=0 rows_buffered=1511)
01:12:25  INFO      src.etl.awards  Awards progress: 380/538 players processed (cached=0 fetched=380 failed=0 rows_buffered=1515)
01:12:59  INFO      src.etl.awards  Awards progress: 390/538 players processed (cached=0 fetched=390 failed=0 rows_buffered=1532)
01:13:33  INFO      src.etl.awards  Awards progress: 400/538 players processed (cached=0 fetched=400 failed=0 rows_buffered=1547)
01:14:09  INFO      src.etl.awards  Awards progress: 410/538 players processed (cached=0 fetched=410 failed=0 rows_buffered=1552)
01:14:44  INFO      src.etl.awards  Awards progress: 420/538 players processed (cached=0 fetched=420 failed=0 rows_buffered=1570)
01:15:18  INFO      src.etl.awards  Awards progress: 430/538 players processed (cached=0 fetched=430 failed=0 rows_buffered=1579)
01:15:52  INFO      src.etl.awards  Awards progress: 440/538 players processed (cached=0 fetched=440 failed=0 rows_buffered=1613)
01:16:27  INFO      src.etl.awards  Awards progress: 450/538 players processed (cached=0 fetched=450 failed=0 rows_buffered=1616)
01:17:06  INFO      src.etl.awards  Awards progress: 460/538 players processed (cached=0 fetched=460 failed=0 rows_buffered=1654)
01:17:43  INFO      src.etl.awards  Awards progress: 470/538 players processed (cached=0 fetched=470 failed=0 rows_buffered=1681)
01:18:23  INFO      src.etl.awards  Awards progress: 480/538 players processed (cached=0 fetched=480 failed=0 rows_buffered=1710)
01:18:59  INFO      src.etl.awards  Awards progress: 490/538 players processed (cached=0 fetched=490 failed=0 rows_buffered=1721)
01:19:36  INFO      src.etl.awards  Awards progress: 500/538 players processed (cached=0 fetched=500 failed=0 rows_buffered=1728)
01:20:08  INFO      src.etl.awards  Awards progress: 510/538 players processed (cached=0 fetched=510 failed=0 rows_buffered=1748)
01:20:45  INFO      src.etl.awards  Awards progress: 520/538 players processed (cached=0 fetched=520 failed=0 rows_buffered=1820)
01:21:25  INFO      src.etl.awards  Awards progress: 530/538 players processed (cached=0 fetched=530 failed=0 rows_buffered=1836)
01:22:05  INFO      src.etl.awards  Awards progress: 538/538 players processed (cached=0 fetched=538 failed=0 rows_buffered=1859)
01:22:56  INFO      ingest  Initialising database schema...
01:22:56  INFO      ingest  Loading dimension tables...
01:22:56  INFO      src.etl.dimensions  Skipping dim_season (already loaded)
01:22:56  INFO      src.etl.dimensions  Skipping dim_team (already loaded)
01:22:56  INFO      src.etl.dimensions  Skipping dim_player static (already loaded)
01:22:56  INFO      ingest  Checkpoint post-dimensions: etl_run_log status counts={'error': 1, 'ok': 19}
01:22:56  INFO      ingest  Checkpoint post-dimensions: table=dim_season row_count=79
01:22:56  INFO      ingest  Checkpoint post-dimensions: table=dim_team row_count=30
01:22:56  INFO      ingest  Checkpoint post-dimensions: table=dim_player row_count=5115
01:22:56  INFO      ingest  Loading player awards...
01:23:21  INFO      src.etl.awards  Awards progress: 10/538 players processed (cached=2 fetched=8 failed=0 rows_buffered=14)
01:23:40  INFO      src.etl.awards  Awards progress: 20/538 players processed (cached=6 fetched=14 failed=0 rows_buffered=84)
01:23:49  INFO      src.etl.awards  Awards progress: 30/538 players processed (cached=13 fetched=17 failed=0 rows_buffered=108)
01:24:11  INFO      src.etl.awards  Awards progress: 40/538 players processed (cached=16 fetched=24 failed=0 rows_buffered=131)
01:24:33  INFO      src.etl.awards  Awards progress: 50/538 players processed (cached=19 fetched=31 failed=0 rows_buffered=158)
01:24:46  INFO      src.etl.awards  Awards progress: 60/538 players processed (cached=25 fetched=35 failed=0 rows_buffered=168)
01:25:02  INFO      src.etl.awards  Awards progress: 70/538 players processed (cached=30 fetched=40 failed=0 rows_buffered=230)
01:25:17  INFO      src.etl.awards  Awards progress: 80/538 players processed (cached=35 fetched=45 failed=0 rows_buffered=237)
01:25:43  INFO      src.etl.awards  Awards progress: 90/538 players processed (cached=37 fetched=53 failed=0 rows_buffered=245)
01:25:58  INFO      src.etl.awards  Awards progress: 100/538 players processed (cached=42 fetched=58 failed=0 rows_buffered=252)
01:26:14  INFO      src.etl.awards  Awards progress: 110/538 players processed (cached=47 fetched=63 failed=0 rows_buffered=334)
01:26:30  INFO      src.etl.awards  Awards progress: 120/538 players processed (cached=52 fetched=68 failed=0 rows_buffered=408)
01:26:39  INFO      src.etl.awards  Awards progress: 130/538 players processed (cached=59 fetched=71 failed=0 rows_buffered=463)
01:26:55  INFO      src.etl.awards  Awards progress: 140/538 players processed (cached=64 fetched=76 failed=0 rows_buffered=572)
01:27:20  INFO      src.etl.awards  Awards progress: 150/538 players processed (cached=66 fetched=84 failed=0 rows_buffered=615)
01:27:42  INFO      src.etl.awards  Awards progress: 160/538 players processed (cached=69 fetched=91 failed=0 rows_buffered=631)
01:27:55  INFO      src.etl.awards  Awards progress: 170/538 players processed (cached=75 fetched=95 failed=0 rows_buffered=724)
01:28:11  INFO      src.etl.awards  Awards progress: 180/538 players processed (cached=80 fetched=100 failed=0 rows_buffered=759)
01:28:26  INFO      src.etl.awards  Awards progress: 190/538 players processed (cached=85 fetched=105 failed=0 rows_buffered=847)
01:28:45  INFO      src.etl.awards  Awards progress: 200/538 players processed (cached=89 fetched=111 failed=0 rows_buffered=856)
01:29:04  INFO      src.etl.awards  Awards progress: 210/538 players processed (cached=93 fetched=117 failed=0 rows_buffered=894)
01:29:26  INFO      src.etl.awards  Awards progress: 220/538 players processed (cached=96 fetched=124 failed=0 rows_buffered=904)
01:29:45  INFO      src.etl.awards  Awards progress: 230/538 players processed (cached=100 fetched=130 failed=0 rows_buffered=941)
01:30:04  INFO      src.etl.awards  Awards progress: 240/538 players processed (cached=104 fetched=136 failed=0 rows_buffered=1135)
01:30:23  INFO      src.etl.awards  Awards progress: 250/538 players processed (cached=108 fetched=142 failed=0 rows_buffered=1189)
01:30:44  INFO      src.etl.awards  Awards progress: 260/538 players processed (cached=111 fetched=149 failed=0 rows_buffered=1199)
01:31:10  INFO      src.etl.awards  Awards progress: 270/538 players processed (cached=113 fetched=157 failed=0 rows_buffered=1202)
01:31:29  INFO      src.etl.awards  Awards progress: 280/538 players processed (cached=117 fetched=163 failed=0 rows_buffered=1212)
01:31:45  INFO      src.etl.awards  Awards progress: 290/538 players processed (cached=122 fetched=168 failed=0 rows_buffered=1298)
01:32:04  INFO      src.etl.awards  Awards progress: 300/538 players processed (cached=126 fetched=174 failed=0 rows_buffered=1343)
01:32:29  INFO      src.etl.awards  Awards progress: 310/538 players processed (cached=128 fetched=182 failed=0 rows_buffered=1352)
01:32:50  INFO      src.etl.awards  Awards progress: 320/538 players processed (cached=131 fetched=189 failed=0 rows_buffered=1356)
01:33:06  INFO      src.etl.awards  Awards progress: 330/538 players processed (cached=136 fetched=194 failed=0 rows_buffered=1372)
01:33:25  INFO      src.etl.awards  Awards progress: 340/538 players processed (cached=140 fetched=200 failed=0 rows_buffered=1411)
01:33:37  INFO      src.etl.awards  Awards progress: 350/538 players processed (cached=146 fetched=204 failed=0 rows_buffered=1437)
01:33:56  INFO      src.etl.awards  Awards progress: 360/538 players processed (cached=150 fetched=210 failed=0 rows_buffered=1441)
01:34:14  INFO      src.etl.awards  Awards progress: 370/538 players processed (cached=154 fetched=216 failed=0 rows_buffered=1511)
01:34:33  INFO      src.etl.awards  Awards progress: 380/538 players processed (cached=158 fetched=222 failed=0 rows_buffered=1515)
01:34:52  INFO      src.etl.awards  Awards progress: 390/538 players processed (cached=162 fetched=228 failed=0 rows_buffered=1532)
01:35:11  INFO      src.etl.awards  Awards progress: 400/538 players processed (cached=166 fetched=234 failed=0 rows_buffered=1547)
01:35:33  INFO      src.etl.awards  Awards progress: 410/538 players processed (cached=169 fetched=241 failed=0 rows_buffered=1552)
01:35:51  INFO      src.etl.awards  Awards progress: 420/538 players processed (cached=173 fetched=247 failed=0 rows_buffered=1570)
01:36:07  INFO      src.etl.awards  Awards progress: 430/538 players processed (cached=178 fetched=252 failed=0 rows_buffered=1579)
01:36:28  INFO      src.etl.awards  Awards progress: 440/538 players processed (cached=181 fetched=259 failed=0 rows_buffered=1613)
01:36:50  INFO      src.etl.awards  Awards progress: 450/538 players processed (cached=184 fetched=266 failed=0 rows_buffered=1616)
01:37:09  INFO      src.etl.awards  Awards progress: 460/538 players processed (cached=188 fetched=272 failed=0 rows_buffered=1654)
01:37:21  INFO      src.etl.awards  Awards progress: 470/538 players processed (cached=194 fetched=276 failed=0 rows_buffered=1681)
01:37:40  INFO      src.etl.awards  Awards progress: 480/538 players processed (cached=198 fetched=282 failed=0 rows_buffered=1710)
01:38:02  INFO      src.etl.awards  Awards progress: 490/538 players processed (cached=201 fetched=289 failed=0 rows_buffered=1721)
01:38:23  INFO      src.etl.awards  Awards progress: 500/538 players processed (cached=204 fetched=296 failed=0 rows_buffered=1728)
01:38:39  INFO      src.etl.awards  Awards progress: 510/538 players processed (cached=209 fetched=301 failed=0 rows_buffered=1748)
01:38:55  INFO      src.etl.awards  Awards progress: 520/538 players processed (cached=214 fetched=306 failed=0 rows_buffered=1820)
01:39:08  INFO      src.etl.awards  Awards progress: 530/538 players processed (cached=220 fetched=310 failed=0 rows_buffered=1836)
01:39:20  INFO      src.etl.awards  Awards progress: 538/538 players processed (cached=224 fetched=314 failed=0 rows_buffered=1859)
01:39:20  INFO      src.etl.awards  Awards row filter: kept=1733 skipped_missing_player=0 skipped_missing_season=126
01:39:20  INFO      src.etl.awards  fact_player_award: 1361 rows upserted from 1733 filtered rows.
01:39:20  INFO      ingest  Checkpoint post-awards: etl_run_log status counts={'error': 1, 'ok': 20}
01:39:20  INFO      ingest  Checkpoint post-awards: table=fact_player_award row_count=10890
01:39:20  INFO      ingest  --dims-only set; skipping box scores.
01:39:20  INFO      ingest  Ingest complete.
