01:50:40  INFO      ingest  Initialising database schema...
01:50:40  INFO      ingest  Loading dimension tables...
01:50:40  INFO      src.etl.dimensions  Skipping dim_season (already loaded)
01:50:40  INFO      src.etl.dimensions  Skipping dim_team (already loaded)
01:50:40  INFO      src.etl.dimensions  Skipping dim_player static (already loaded)
01:50:40  INFO      src.etl.dimensions  Skipping dim_player full (already loaded)
01:50:40  INFO      ingest  Checkpoint post-dimensions: etl_run_log status counts={'error': 1, 'ok': 32}
01:50:40  INFO      ingest  Checkpoint post-dimensions: table=dim_season row_count=80
01:50:40  INFO      ingest  Checkpoint post-dimensions: table=dim_team row_count=30
01:50:40  INFO      ingest  Checkpoint post-dimensions: table=dim_player row_count=5115
01:50:40  INFO      ingest  Loading box scores for seasons: ['2024-25']
01:50:40  INFO      src.etl.game_logs  Game logs [1/2] starting season=2024-25 season_type=Regular Season
01:51:00  INFO      src.etl.game_logs  player_game_logs: fetched 26306 rows for 2024-25.
01:51:02  INFO      src.etl.game_logs  Season 2024-25 Regular Season -> games: 0, player_logs: 144, team_logs: 12
01:51:02  INFO      src.etl.utils  Table fact_game (season 2024-25) loaded 1,390 rows
01:51:02  INFO      src.etl.utils  Table player_game_log (season 2024-25) loaded 37,793 rows
01:51:02  INFO      src.etl.utils  Table team_game_log (season 2024-25) loaded 2,780 rows
01:51:02  INFO      src.etl.game_logs  Game logs [1/2] completed season=2024-25 season_type=Regular Season counts={'fact_game': 0, 'player_game_log': 144, 'team_game_log': 12}
01:51:04  INFO      src.etl.game_logs  Game logs [2/2] starting season=2024-25 season_type=Playoffs
01:51:21  INFO      src.etl.game_logs  player_game_logs: fetched 1804 rows for 2024-25.
01:51:21  INFO      src.etl.game_logs  Season 2024-25 Playoffs -> games: 0, player_logs: 0, team_logs: 0
01:51:21  INFO      src.etl.utils  Table fact_game (season 2024-25) loaded 1,390 rows
01:51:21  INFO      src.etl.utils  Table player_game_log (season 2024-25) loaded 37,793 rows
01:51:21  INFO      src.etl.utils  Table team_game_log (season 2024-25) loaded 2,780 rows
01:51:21  INFO      src.etl.game_logs  Game logs [2/2] completed season=2024-25 season_type=Playoffs counts={'fact_game': 0, 'player_game_log': 0, 'team_game_log': 0}
01:51:23  INFO      ingest  Checkpoint post-game-logs: etl_run_log status counts={'error': 1, 'ok': 38}
01:51:23  INFO      ingest  Checkpoint post-game-logs: table=fact_game row_count=71884
01:51:23  INFO      ingest  Checkpoint post-game-logs: table=player_game_log row_count=1380538
01:51:23  INFO      ingest  Checkpoint post-game-logs: table=team_game_log row_count=143656
01:51:23  INFO      ingest  Running reconciliation checks for season 2024-25...
01:51:23  WARNING   src.etl.validate  REB mismatch for team 1610612749 in game 0012400008: Team=46, Players=45
01:51:23  WARNING   src.etl.validate  AST mismatch for team 1610612749 in game 0012400008: Team=20, Players=19
01:51:23  WARNING   src.etl.validate  REB mismatch for team 1610612742 in game 0012400012: Team=36, Players=34
01:51:23  WARNING   src.etl.validate  AST mismatch for team 1610612760 in game 0012400013: Team=34, Players=33
01:51:23  WARNING   src.etl.validate  PTS mismatch for team 1610612748 in game 0012400015: Team=108, Players=99
01:51:23  WARNING   src.etl.validate  REB mismatch for team 1610612748 in game 0012400015: Team=42, Players=33
01:51:23  WARNING   src.etl.validate  AST mismatch for team 1610612741 in game 0012400016: Team=24, Players=23
01:51:23  WARNING   src.etl.validate  PTS mismatch for team 1610612765 in game 0012400017: Team=97, Players=92
01:51:23  WARNING   src.etl.validate  PTS mismatch for team 1610612760 in game 0012400021: Team=113, Players=110
01:51:23  WARNING   src.etl.validate  PTS mismatch for team 1610612758 in game 0012400023: Team=112, Players=102
01:51:23  WARNING   src.etl.validate  REB mismatch for team 1610612758 in game 0012400023: Team=41, Players=39
01:51:23  WARNING   src.etl.validate  PTS mismatch for team 1610612742 in game 0012400026: Team=102, Players=96
01:51:23  WARNING   src.etl.validate  REB mismatch for team 1610612742 in game 0012400026: Team=45, Players=40
01:51:23  WARNING   src.etl.validate  PTS mismatch for team 1610612763 in game 0012400027: Team=94, Players=93
01:51:23  WARNING   src.etl.validate  REB mismatch for team 1610612763 in game 0012400027: Team=41, Players=39
01:51:23  WARNING   src.etl.validate  PTS mismatch for team 1610612758 in game 0012400033: Team=106, Players=95
01:51:23  WARNING   src.etl.validate  REB mismatch for team 1610612758 in game 0012400033: Team=47, Players=46
01:51:23  WARNING   src.etl.validate  AST mismatch for team 1610612758 in game 0012400033: Team=24, Players=23
01:51:23  WARNING   src.etl.validate  PTS mismatch for team 1610612756 in game 0012400034: Team=91, Players=89
01:51:23  WARNING   src.etl.validate  REB mismatch for team 1610612756 in game 0012400034: Team=39, Players=38
01:51:23  WARNING   src.etl.validate  PTS mismatch for team 1610612755 in game 0012400036: Team=89, Players=71
01:51:23  WARNING   src.etl.validate  REB mismatch for team 1610612755 in game 0012400036: Team=33, Players=26
01:51:23  WARNING   src.etl.validate  AST mismatch for team 1610612755 in game 0012400036: Team=17, Players=13
01:51:23  WARNING   src.etl.validate  REB mismatch for team 1610612741 in game 0012400037: Team=46, Players=45
01:51:23  WARNING   src.etl.validate  AST mismatch for team 1610612741 in game 0012400037: Team=26, Players=25
01:51:23  WARNING   src.etl.validate  PTS mismatch for team 1610612763 in game 0012400037: Team=124, Players=115
01:51:23  WARNING   src.etl.validate  REB mismatch for team 1610612763 in game 0012400037: Team=58, Players=51
01:51:23  WARNING   src.etl.validate  AST mismatch for team 1610612763 in game 0012400037: Team=31, Players=30
01:51:23  WARNING   src.etl.validate  PTS mismatch for team 1610612765 in game 0012400044: Team=93, Players=85
01:51:23  WARNING   src.etl.validate  REB mismatch for team 1610612765 in game 0012400044: Team=36, Players=35
01:51:23  WARNING   src.etl.validate  AST mismatch for team 1610612765 in game 0012400044: Team=30, Players=28
01:51:23  WARNING   src.etl.validate  PTS mismatch for team 1610612763 in game 0012400045: Team=120, Players=119
01:51:23  WARNING   src.etl.validate  PTS mismatch for team 1610612764 in game 0012400047: Team=92, Players=90
01:51:23  WARNING   src.etl.validate  PTS mismatch for team 1610612741 in game 0012400048: Team=107, Players=100
01:51:23  WARNING   src.etl.validate  REB mismatch for team 1610612741 in game 0012400048: Team=50, Players=49
01:51:23  WARNING   src.etl.validate  AST mismatch for team 1610612741 in game 0012400048: Team=25, Players=21
01:51:23  WARNING   src.etl.validate  REB mismatch for team 1610612742 in game 0012400049: Team=38, Players=37
01:51:23  WARNING   src.etl.validate  PTS mismatch for team 1610612765 in game 0012400057: Team=108, Players=97
01:51:23  WARNING   src.etl.validate  REB mismatch for team 1610612765 in game 0012400057: Team=39, Players=37
01:51:23  WARNING   src.etl.validate  AST mismatch for team 1610612765 in game 0012400057: Team=34, Players=30
01:51:23  WARNING   src.etl.validate  PTS mismatch for team 1610612755 in game 0012400058: Team=117, Players=116
01:51:23  WARNING   src.etl.validate  REB mismatch for team 1610612755 in game 0012400058: Team=51, Players=49
01:51:23  WARNING   src.etl.validate  PTS mismatch for team 1610612742 in game 0012400062: Team=109, Players=107
01:51:23  WARNING   src.etl.validate  REB mismatch for team 1610612742 in game 0012400062: Team=53, Players=52
01:51:23  WARNING   src.etl.validate  PTS mismatch for team 1610612758 in game 0012400066: Team=91, Players=85
01:51:23  WARNING   src.etl.validate  REB mismatch for team 1610612758 in game 0012400066: Team=46, Players=45
01:51:23  WARNING   src.etl.validate  PTS mismatch for team 1610612764 in game 0012400068: Team=118, Players=109
01:51:23  WARNING   src.etl.validate  REB mismatch for team 1610612764 in game 0012400068: Team=36, Players=31
01:51:23  WARNING   src.etl.validate  AST mismatch for team 1610612764 in game 0012400068: Team=32, Players=30
01:51:23  WARNING   src.etl.validate  PTS mismatch for team 1610612748 in game 0012400071: Team=114, Players=112
01:51:23  WARNING   src.etl.validate  REB mismatch for team 1610612748 in game 0012400071: Team=41, Players=39
01:51:23  WARNING   src.etl.validate  PTS mismatch for team 1610612763 in game 0012400071: Team=109, Players=105
01:51:23  WARNING   src.etl.validate  REB mismatch for team 1610612763 in game 0012400071: Team=46, Players=44
01:51:23  WARNING   src.etl.validate  PTS mismatch for team 1610612762 in game 0022400627: Team=0, Players=128
01:51:23  WARNING   src.etl.validate  REB mismatch for team 1610612762 in game 0022400627: Team=None, Players=42
01:51:23  WARNING   src.etl.validate  AST mismatch for team 1610612762 in game 0022400627: Team=None, Players=30
01:51:23  WARNING   src.etl.validate  PTS mismatch for team 1610612764 in game 0022400627: Team=0, Players=112
01:51:23  WARNING   src.etl.validate  REB mismatch for team 1610612764 in game 0022400627: Team=None, Players=37
01:51:23  WARNING   src.etl.validate  AST mismatch for team 1610612764 in game 0022400627: Team=None, Players=30
01:51:23  WARNING   src.etl.validate  PTS mismatch for team 1610612753 in game 0022400988: Team=0, Players=116
01:51:23  WARNING   src.etl.validate  REB mismatch for team 1610612753 in game 0022400988: Team=None, Players=41
01:51:23  WARNING   src.etl.validate  AST mismatch for team 1610612753 in game 0022400988: Team=None, Players=28
01:51:23  WARNING   src.etl.validate  PTS mismatch for team 1610612759 in game 0022400988: Team=0, Players=105
01:51:23  WARNING   src.etl.validate  REB mismatch for team 1610612759 in game 0022400988: Team=None, Players=38
01:51:23  WARNING   src.etl.validate  AST mismatch for team 1610612759 in game 0022400988: Team=None, Players=24
01:51:23  WARNING   src.etl.validate  Consistency check found 65 discrepancies in season 2024-25
01:51:23  WARNING   ingest  Reconciliation checks found 65 discrepancy warning(s). Re-run with --reconciliation-warn-only to continue despite mismatches.
01:51:23  INFO      ingest  Ingest complete.
