04:20:02  INFO      ingest  Ingest arguments: seasons=['1946-47', '1947-48', '1948-49', '1949-50', '1950-51', '1951-52', '1952-53', '1953-54', '1954-55', '1955-56', '1956-57', '1957-58', '1958-59', '1959-60', '1960-61', '1961-62', '1962-63', '1963-64', '1964-65', '1965-66', '1966-67', '1967-68', '1968-69', '1969-70', '1970-71', '1971-72', '1972-73', '1973-74', '1974-75', '1975-76', '1976-77', '1977-78', '1978-79', '1979-80', '1980-81', '1981-82', '1982-83', '1983-84', '1984-85', '1985-86', '1986-87', '1987-88', '1988-89', '1989-90', '1990-91', '1991-92', '1992-93', '1993-94', '1994-95', '1995-96', '1996-97', '1997-98', '1998-99', '1999-00', '2000-01', '2001-02', '2002-03', '2003-04', '2004-05', '2005-06', '2006-07', '2007-08', '2008-09', '2009-10', '2010-11', '2011-12', '2012-13', '2013-14', '2014-15', '2015-16', '2016-17', '2017-18', '2018-19', '2019-20', '2020-21', '2021-22', '2022-23', '2023-24', '2024-25', '2025-26'] dims_only=True enrich_bio=False awards=False salaries=False rosters=True include_playoffs=False pbp_limit=0 skip_reconciliation=False reconciliation_warn_only=False raw_backfill=False raw_dir=None raw_backfill_fail_fast=False analytics_view=None analytics_limit=20 analytics_output=None analytics_only=False metrics=False metrics_summary=False metrics_export_endpoint=None log_level=INFO log_file=logs\ingest_rosters_1946_2026.log
04:20:02  INFO      ingest  Initialising database schema...
04:20:02  INFO      ingest  Loading dimension tables...
04:20:02  INFO      src.etl.dimensions  Skipping dim_season (already loaded)
04:20:02  INFO      src.etl.dimensions  Skipping dim_team (already loaded)
04:20:02  INFO      src.etl.dimensions  Skipping dim_player static (already loaded)
04:20:02  INFO      ingest  Stage dimensions elapsed=0.00s
04:20:02  INFO      ingest  Checkpoint post-dimensions: etl_run_log status counts={'empty': 12, 'ok': 461} delta={'empty': 12, 'ok': 461} elapsed_since_previous=n/a
04:20:02  INFO      ingest  Checkpoint post-dimensions: table=dim_season row_count=80 delta=n/a previous=n/a
04:20:02  INFO      ingest  Checkpoint post-dimensions: table=dim_team row_count=30 delta=n/a previous=n/a
04:20:02  INFO      ingest  Checkpoint post-dimensions: table=dim_player row_count=5115 delta=n/a previous=n/a
04:20:02  INFO      ingest  Checkpoint post-dimensions: etl_run_log tail (latest 12 rows)
04:20:02  INFO      ingest  Checkpoint post-dimensions: runlog id=473 table=dim_season season=- loader=dimensions.load_seasons.2000 status=ok row_count=0 started=2026-02-21T09:16:01.510073+00:00 finished=2026-02-21T09:16:01.510147+00:00
04:20:02  INFO      ingest  Checkpoint post-dimensions: runlog id=472 table=fact_roster season=2000-01 loader=roster.load_season_rosters status=ok row_count=352 started=2026-02-21T09:12:07.020052+00:00 finished=2026-02-21T09:16:01.504321+00:00
04:20:02  INFO      ingest  Checkpoint post-dimensions: runlog id=471 table=team_game_log season=2025-26 loader=game_logs.load_season.Playoffs status=empty row_count=0 started=2026-02-21T09:09:30.602521+00:00 finished=2026-02-21T09:09:33.728357+00:00
04:20:02  INFO      ingest  Checkpoint post-dimensions: runlog id=470 table=player_game_log season=2025-26 loader=game_logs.load_season.Playoffs status=empty row_count=0 started=2026-02-21T09:09:30.602521+00:00 finished=2026-02-21T09:09:33.728333+00:00
04:20:02  INFO      ingest  Checkpoint post-dimensions: runlog id=469 table=fact_game season=2025-26 loader=game_logs.load_season.Playoffs status=empty row_count=0 started=2026-02-21T09:09:30.602521+00:00 finished=2026-02-21T09:09:33.728247+00:00
04:20:02  INFO      ingest  Checkpoint post-dimensions: runlog id=468 table=team_game_log season=2024-25 loader=game_logs.load_season.Playoffs status=ok row_count=0 started=2026-02-21T09:09:12.469942+00:00 finished=2026-02-21T09:09:26.597087+00:00
04:20:02  INFO      ingest  Checkpoint post-dimensions: runlog id=467 table=player_game_log season=2024-25 loader=game_logs.load_season.Playoffs status=ok row_count=0 started=2026-02-21T09:09:12.469942+00:00 finished=2026-02-21T09:09:26.597066+00:00
04:20:02  INFO      ingest  Checkpoint post-dimensions: runlog id=466 table=fact_game season=2024-25 loader=game_logs.load_season.Playoffs status=ok row_count=0 started=2026-02-21T09:09:12.469942+00:00 finished=2026-02-21T09:09:26.597026+00:00
04:20:02  INFO      ingest  Checkpoint post-dimensions: runlog id=465 table=team_game_log season=2022-23 loader=game_logs.load_season.Playoffs status=ok row_count=0 started=2026-02-21T09:08:42.750914+00:00 finished=2026-02-21T09:09:04.463838+00:00
04:20:02  INFO      ingest  Checkpoint post-dimensions: runlog id=464 table=player_game_log season=2022-23 loader=game_logs.load_season.Playoffs status=ok row_count=0 started=2026-02-21T09:08:42.750914+00:00 finished=2026-02-21T09:09:04.463817+00:00
04:20:02  INFO      ingest  Checkpoint post-dimensions: runlog id=463 table=fact_game season=2022-23 loader=game_logs.load_season.Playoffs status=ok row_count=0 started=2026-02-21T09:08:42.750914+00:00 finished=2026-02-21T09:09:04.463777+00:00
04:20:02  INFO      ingest  Checkpoint post-dimensions: runlog id=462 table=team_game_log season=2022-23 loader=game_logs.load_season.Regular Season status=ok row_count=0 started=2026-02-21T09:08:34.514094+00:00 finished=2026-02-21T09:08:40.731114+00:00
04:20:02  INFO      ingest  Loading rosters...
04:20:35  INFO      src.etl.roster  Roster: 5/30 teams processed for 1946-47.
04:21:16  INFO      src.etl.roster  Roster: 10/30 teams processed for 1946-47.
04:21:50  INFO      src.etl.roster  Roster: 15/30 teams processed for 1946-47.
04:22:22  INFO      src.etl.roster  Roster: 20/30 teams processed for 1946-47.
04:22:50  INFO      src.etl.roster  Roster: 25/30 teams processed for 1946-47.
04:23:13  INFO      src.etl.roster  Roster: 30/30 teams processed for 1946-47.
04:23:15  INFO      src.etl.roster  fact_roster: 42 total rows for 1946-47.
04:23:37  INFO      src.etl.roster  Roster: 5/30 teams processed for 1947-48.
04:24:08  INFO      src.etl.roster  Roster: 10/30 teams processed for 1947-48.
04:24:39  INFO      src.etl.roster  Roster: 15/30 teams processed for 1947-48.
04:25:13  INFO      src.etl.roster  Roster: 20/30 teams processed for 1947-48.
04:25:52  INFO      src.etl.roster  Roster: 25/30 teams processed for 1947-48.
04:26:20  INFO      src.etl.roster  Roster: 30/30 teams processed for 1947-48.
04:26:22  INFO      src.etl.roster  fact_roster: 39 total rows for 1947-48.
04:26:56  INFO      src.etl.roster  Roster: 5/30 teams processed for 1948-49.
04:27:25  INFO      src.etl.roster  Roster: 10/30 teams processed for 1948-49.
04:27:52  INFO      src.etl.roster  Roster: 15/30 teams processed for 1948-49.
04:28:19  INFO      src.etl.roster  Roster: 20/30 teams processed for 1948-49.
04:28:45  INFO      src.etl.roster  Roster: 25/30 teams processed for 1948-49.
04:29:19  INFO      src.etl.roster  Roster: 30/30 teams processed for 1948-49.
04:29:21  INFO      src.etl.roster  fact_roster: 82 total rows for 1948-49.
04:29:54  INFO      src.etl.roster  Roster: 5/30 teams processed for 1949-50.
04:30:45  INFO      src.etl.roster  Roster: 10/30 teams processed for 1949-50.
04:31:17  INFO      src.etl.roster  Roster: 15/30 teams processed for 1949-50.
04:31:55  INFO      src.etl.roster  Roster: 20/30 teams processed for 1949-50.
04:32:17  INFO      src.etl.roster  Roster: 25/30 teams processed for 1949-50.
04:32:45  INFO      src.etl.roster  Roster: 30/30 teams processed for 1949-50.
04:32:47  INFO      src.etl.roster  fact_roster: 92 total rows for 1949-50.
04:33:13  INFO      src.etl.roster  Roster: 5/30 teams processed for 1950-51.
04:33:48  INFO      src.etl.roster  Roster: 10/30 teams processed for 1950-51.
04:34:18  INFO      src.etl.roster  Roster: 15/30 teams processed for 1950-51.
04:34:50  INFO      src.etl.roster  Roster: 20/30 teams processed for 1950-51.
04:35:37  INFO      src.etl.roster  Roster: 25/30 teams processed for 1950-51.
04:36:12  INFO      src.etl.roster  Roster: 30/30 teams processed for 1950-51.
04:36:14  INFO      src.etl.roster  fact_roster: 98 total rows for 1950-51.
04:36:42  INFO      src.etl.roster  Roster: 5/30 teams processed for 1951-52.
04:37:12  INFO      src.etl.roster  Roster: 10/30 teams processed for 1951-52.
04:37:46  INFO      src.etl.roster  Roster: 15/30 teams processed for 1951-52.
04:38:14  INFO      src.etl.roster  Roster: 20/30 teams processed for 1951-52.
04:38:42  INFO      src.etl.roster  Roster: 25/30 teams processed for 1951-52.
04:39:08  INFO      src.etl.roster  Roster: 30/30 teams processed for 1951-52.
04:39:10  INFO      src.etl.roster  fact_roster: 95 total rows for 1951-52.
04:39:34  INFO      src.etl.roster  Roster: 5/30 teams processed for 1952-53.
04:40:00  INFO      src.etl.roster  Roster: 10/30 teams processed for 1952-53.
04:40:25  INFO      src.etl.roster  Roster: 15/30 teams processed for 1952-53.
04:41:07  INFO      src.etl.roster  Roster: 20/30 teams processed for 1952-53.
04:42:03  INFO      src.etl.roster  Roster: 25/30 teams processed for 1952-53.
04:42:34  INFO      src.etl.roster  Roster: 30/30 teams processed for 1952-53.
04:42:36  INFO      src.etl.roster  fact_roster: 98 total rows for 1952-53.
04:42:58  INFO      src.etl.roster  Roster: 5/30 teams processed for 1953-54.
04:43:21  INFO      src.etl.roster  Roster: 10/30 teams processed for 1953-54.
04:43:44  INFO      src.etl.roster  Roster: 15/30 teams processed for 1953-54.
04:44:08  INFO      src.etl.roster  Roster: 20/30 teams processed for 1953-54.
04:44:45  INFO      src.etl.roster  Roster: 25/30 teams processed for 1953-54.
04:45:19  INFO      src.etl.roster  Roster: 30/30 teams processed for 1953-54.
04:45:21  INFO      src.etl.roster  fact_roster: 94 total rows for 1953-54.
04:45:50  INFO      src.etl.roster  Roster: 5/30 teams processed for 1954-55.
04:46:24  INFO      src.etl.roster  Roster: 10/30 teams processed for 1954-55.
04:46:54  INFO      src.etl.roster  Roster: 15/30 teams processed for 1954-55.
04:47:23  INFO      src.etl.roster  Roster: 20/30 teams processed for 1954-55.
04:47:55  INFO      src.etl.roster  Roster: 25/30 teams processed for 1954-55.
04:48:36  INFO      src.etl.roster  Roster: 30/30 teams processed for 1954-55.
04:48:38  INFO      src.etl.roster  fact_roster: 100 total rows for 1954-55.
04:49:08  INFO      src.etl.roster  Roster: 5/30 teams processed for 1955-56.
04:49:36  INFO      src.etl.roster  Roster: 10/30 teams processed for 1955-56.
04:50:10  INFO      src.etl.roster  Roster: 15/30 teams processed for 1955-56.
04:50:37  INFO      src.etl.roster  Roster: 20/30 teams processed for 1955-56.
04:51:07  INFO      src.etl.roster  Roster: 25/30 teams processed for 1955-56.
04:51:38  INFO      src.etl.roster  Roster: 30/30 teams processed for 1955-56.
04:51:40  INFO      src.etl.roster  fact_roster: 92 total rows for 1955-56.
04:52:14  INFO      src.etl.roster  Roster: 5/30 teams processed for 1956-57.
04:52:39  INFO      src.etl.roster  Roster: 10/30 teams processed for 1956-57.
04:53:18  INFO      src.etl.roster  Roster: 15/30 teams processed for 1956-57.
04:53:46  INFO      src.etl.roster  Roster: 20/30 teams processed for 1956-57.
04:54:15  INFO      src.etl.roster  Roster: 25/30 teams processed for 1956-57.
04:54:43  INFO      src.etl.roster  Roster: 30/30 teams processed for 1956-57.
04:54:45  INFO      src.etl.roster  fact_roster: 97 total rows for 1956-57.
04:55:13  INFO      src.etl.roster  Roster: 5/30 teams processed for 1957-58.
04:55:43  INFO      src.etl.roster  Roster: 10/30 teams processed for 1957-58.
04:56:13  INFO      src.etl.roster  Roster: 15/30 teams processed for 1957-58.
04:56:45  INFO      src.etl.roster  Roster: 20/30 teams processed for 1957-58.
04:57:14  INFO      src.etl.roster  Roster: 25/30 teams processed for 1957-58.
04:57:43  INFO      src.etl.roster  Roster: 30/30 teams processed for 1957-58.
04:57:45  INFO      src.etl.roster  fact_roster: 99 total rows for 1957-58.
04:58:08  INFO      src.etl.roster  Roster: 5/30 teams processed for 1958-59.
04:58:35  INFO      src.etl.roster  Roster: 10/30 teams processed for 1958-59.
04:59:03  INFO      src.etl.roster  Roster: 15/30 teams processed for 1958-59.
04:59:37  INFO      src.etl.roster  Roster: 20/30 teams processed for 1958-59.
05:00:23  INFO      src.etl.roster  Roster: 25/30 teams processed for 1958-59.
05:01:12  INFO      src.etl.roster  Roster: 30/30 teams processed for 1958-59.
05:01:14  INFO      src.etl.roster  fact_roster: 92 total rows for 1958-59.
05:01:46  INFO      src.etl.roster  Roster: 5/30 teams processed for 1959-60.
05:02:20  INFO      src.etl.roster  Roster: 10/30 teams processed for 1959-60.
05:02:47  INFO      src.etl.roster  Roster: 15/30 teams processed for 1959-60.
05:03:16  INFO      src.etl.roster  Roster: 20/30 teams processed for 1959-60.
05:03:48  INFO      src.etl.roster  Roster: 25/30 teams processed for 1959-60.
05:04:22  INFO      src.etl.roster  Roster: 30/30 teams processed for 1959-60.
05:04:24  INFO      src.etl.roster  fact_roster: 99 total rows for 1959-60.
05:04:57  INFO      src.etl.roster  Roster: 5/30 teams processed for 1960-61.
05:05:23  INFO      src.etl.roster  Roster: 10/30 teams processed for 1960-61.
05:06:05  INFO      src.etl.roster  Roster: 15/30 teams processed for 1960-61.
05:06:37  INFO      src.etl.roster  Roster: 20/30 teams processed for 1960-61.
05:07:10  INFO      src.etl.roster  Roster: 25/30 teams processed for 1960-61.
05:07:43  INFO      src.etl.roster  Roster: 30/30 teams processed for 1960-61.
05:07:45  INFO      src.etl.roster  fact_roster: 93 total rows for 1960-61.
05:08:17  INFO      src.etl.roster  Roster: 5/30 teams processed for 1961-62.
05:08:55  INFO      src.etl.roster  Roster: 10/30 teams processed for 1961-62.
05:09:28  INFO      src.etl.roster  Roster: 15/30 teams processed for 1961-62.
05:09:57  INFO      src.etl.roster  Roster: 20/30 teams processed for 1961-62.
05:10:26  INFO      src.etl.roster  Roster: 25/30 teams processed for 1961-62.
05:11:02  INFO      src.etl.roster  Roster: 30/30 teams processed for 1961-62.
05:11:04  INFO      src.etl.roster  fact_roster: 113 total rows for 1961-62.
05:11:53  INFO      src.etl.roster  Roster: 5/30 teams processed for 1962-63.
05:12:22  INFO      src.etl.roster  Roster: 10/30 teams processed for 1962-63.
05:12:51  INFO      src.etl.roster  Roster: 15/30 teams processed for 1962-63.
05:13:14  INFO      src.etl.roster  Roster: 20/30 teams processed for 1962-63.
05:13:37  INFO      src.etl.roster  Roster: 25/30 teams processed for 1962-63.
05:14:08  INFO      src.etl.roster  Roster: 30/30 teams processed for 1962-63.
05:14:10  INFO      src.etl.roster  fact_roster: 117 total rows for 1962-63.
05:14:42  INFO      src.etl.roster  Roster: 5/30 teams processed for 1963-64.
05:15:17  INFO      src.etl.roster  Roster: 10/30 teams processed for 1963-64.
05:16:30  INFO      src.etl.roster  Roster: 15/30 teams processed for 1963-64.
05:17:05  INFO      src.etl.roster  Roster: 20/30 teams processed for 1963-64.
05:17:39  INFO      src.etl.roster  Roster: 25/30 teams processed for 1963-64.
05:18:07  INFO      src.etl.roster  Roster: 30/30 teams processed for 1963-64.
05:18:09  INFO      src.etl.roster  fact_roster: 111 total rows for 1963-64.
05:18:45  INFO      src.etl.roster  Roster: 5/30 teams processed for 1964-65.
05:19:14  INFO      src.etl.roster  Roster: 10/30 teams processed for 1964-65.
05:19:51  INFO      src.etl.roster  Roster: 15/30 teams processed for 1964-65.
05:20:27  INFO      src.etl.roster  Roster: 20/30 teams processed for 1964-65.
05:21:01  INFO      src.etl.roster  Roster: 25/30 teams processed for 1964-65.
05:21:38  INFO      src.etl.roster  Roster: 30/30 teams processed for 1964-65.
05:21:40  INFO      src.etl.roster  fact_roster: 114 total rows for 1964-65.
05:22:11  INFO      src.etl.roster  Roster: 5/30 teams processed for 1965-66.
05:22:48  INFO      src.etl.roster  Roster: 10/30 teams processed for 1965-66.
05:23:29  INFO      src.etl.roster  Roster: 15/30 teams processed for 1965-66.
05:24:00  INFO      src.etl.roster  Roster: 20/30 teams processed for 1965-66.
05:24:30  INFO      src.etl.roster  Roster: 25/30 teams processed for 1965-66.
05:25:09  INFO      src.etl.roster  Roster: 30/30 teams processed for 1965-66.
05:25:11  INFO      src.etl.roster  fact_roster: 111 total rows for 1965-66.
05:25:34  INFO      src.etl.roster  Roster: 5/30 teams processed for 1966-67.
05:26:03  INFO      src.etl.roster  Roster: 10/30 teams processed for 1966-67.
05:26:47  INFO      src.etl.roster  Roster: 15/30 teams processed for 1966-67.
05:27:20  INFO      src.etl.roster  Roster: 20/30 teams processed for 1966-67.
05:27:47  INFO      src.etl.roster  Roster: 25/30 teams processed for 1966-67.
05:28:17  INFO      src.etl.roster  Roster: 30/30 teams processed for 1966-67.
05:28:19  INFO      src.etl.roster  fact_roster: 123 total rows for 1966-67.
05:28:51  INFO      src.etl.roster  Roster: 5/30 teams processed for 1967-68.
05:29:28  INFO      src.etl.roster  Roster: 10/30 teams processed for 1967-68.
05:29:57  INFO      src.etl.roster  Roster: 15/30 teams processed for 1967-68.
