16:10:07  INFO      ingest  Ingest arguments: seasons=['2011-12'] dims_only=True enrich_bio=False awards=False salaries=True rosters=False include_playoffs=False pbp_limit=0 skip_reconciliation=False reconciliation_warn_only=False raw_backfill=False raw_dir=None raw_backfill_fail_fast=False analytics_view=None analytics_limit=20 analytics_output=None analytics_only=False metrics=False metrics_summary=False metrics_export_endpoint=None log_level=INFO log_file=logs\ingest_smart_rate_limit_smoke.log runlog_tail=3 api_delay_seconds=None api_inter_call_seconds=None api_max_retries=None bref_delay_seconds=0.5 bref_max_retries=None bref_max_retry_after_seconds=30 salary_inter_season_sleep_seconds=0.0 runtime_overrides={'LARRYOB_BREF_DELAY_SECONDS': '0.5', 'LARRYOB_BREF_MAX_RETRY_AFTER_SECONDS': '30', 'LARRYOB_SALARY_INTER_SEASON_SLEEP': '0.0'}
16:10:07  INFO      ingest  Initialising database schema...
16:10:07  INFO      ingest  Loading dimension tables...
16:10:07  INFO      src.etl.dimensions  Skipping dim_season (already loaded)
16:10:07  INFO      src.etl.dimensions  Skipping dim_team (already loaded)
16:10:07  INFO      src.etl.dimensions  Skipping dim_player static (already loaded)
16:10:07  INFO      ingest  Stage dimensions elapsed=0.00s
16:10:07  INFO      ingest  Checkpoint post-dimensions: etl_run_log status counts={'empty': 12, 'ok': 727} delta={'empty': 12, 'ok': 727} elapsed_since_previous=n/a
16:10:07  INFO      ingest  Checkpoint post-dimensions: table=dim_season row_count=80 delta=n/a previous=n/a
16:10:07  INFO      ingest  Checkpoint post-dimensions: table=dim_team row_count=30 delta=n/a previous=n/a
16:10:07  INFO      ingest  Checkpoint post-dimensions: table=dim_player row_count=5115 delta=n/a previous=n/a
16:10:07  INFO      ingest  Checkpoint post-dimensions: etl_run_log tail (latest 3 rows)
16:10:07  INFO      ingest  Checkpoint post-dimensions: runlog id=739 table=fact_salary season=1983-84 loader=salaries.load_player_salaries.v2 status=ok row_count=0 started=2026-02-21T21:09:33.797366+00:00 finished=2026-02-21T21:10:02.318955+00:00
16:10:07  INFO      ingest  Checkpoint post-dimensions: runlog id=738 table=fact_salary season=1982-83 loader=salaries.load_player_salaries.v2 status=ok row_count=0 started=2026-02-21T21:09:03.254552+00:00 finished=2026-02-21T21:09:31.796481+00:00
16:10:07  INFO      ingest  Checkpoint post-dimensions: runlog id=737 table=fact_salary season=1981-82 loader=salaries.load_player_salaries.v2 status=ok row_count=0 started=2026-02-21T21:08:32.711870+00:00 finished=2026-02-21T21:09:01.254077+00:00
16:10:07  INFO      ingest  Loading salary cap and player salaries...
16:10:07  INFO      src.etl.dimensions  Skipping dim_season (already loaded)
16:10:07  INFO      src.etl.salaries  dim_salary_cap: 41 rows upserted.
16:10:07  INFO      src.etl.dimensions  Skipping dim_season (already loaded)
16:10:07  INFO      src.etl.salaries  fact_salary (2011-12): team_map_source=fact_team_season teams=27
16:10:07  WARNING   src.etl.salaries  fact_salary (2011-12): stopping early due rate-limit url=https://www.basketball-reference.com/teams/ATL/2012.html retry_after=3058s max_allowed=30s
16:10:07  INFO      src.etl.salaries  fact_salary (2011-12): team_pages fetched=0 cached=0 candidate_rows=0 unmatched_names=0
16:10:07  INFO      ingest  Stage salaries elapsed=0.11s
16:10:07  INFO      ingest  Checkpoint post-salaries: etl_run_log status counts={'empty': 12, 'ok': 727, 'rate_limited': 1} delta={'rate_limited': 1} elapsed_since_previous=0.11s
16:10:07  INFO      ingest  Checkpoint post-salaries: table=dim_salary_cap row_count=41 delta=n/a previous=n/a
16:10:07  INFO      ingest  Checkpoint post-salaries: table=fact_salary row_count=2743 delta=n/a previous=n/a
16:10:07  INFO      ingest  Checkpoint post-salaries: etl_run_log tail (latest 3 rows)
16:10:07  INFO      ingest  Checkpoint post-salaries: runlog id=740 table=fact_salary season=2011-12 loader=salaries.load_player_salaries.v2 status=rate_limited row_count=0 started=2026-02-21T21:10:07.054929+00:00 finished=2026-02-21T21:10:07.157170+00:00
16:10:07  INFO      ingest  Checkpoint post-salaries: runlog id=739 table=fact_salary season=1983-84 loader=salaries.load_player_salaries.v2 status=ok row_count=0 started=2026-02-21T21:09:33.797366+00:00 finished=2026-02-21T21:10:02.318955+00:00
16:10:07  INFO      ingest  Checkpoint post-salaries: runlog id=738 table=fact_salary season=1982-83 loader=salaries.load_player_salaries.v2 status=ok row_count=0 started=2026-02-21T21:09:03.254552+00:00 finished=2026-02-21T21:09:31.796481+00:00
16:10:07  INFO      ingest  --dims-only set; skipping box scores.
16:10:07  INFO      ingest  Ingest total elapsed=0.11s
16:10:07  INFO      ingest  Ingest complete.
