08:19:11  INFO      ingest  Ingest arguments: seasons=['1946-47', '1947-48', '1948-49', '1949-50', '1950-51', '1951-52', '1952-53', '1953-54', '1954-55', '1955-56', '1956-57', '1957-58', '1958-59', '1959-60', '1960-61', '1961-62', '1962-63', '1963-64', '1964-65', '1965-66', '1966-67', '1967-68', '1968-69', '1969-70', '1970-71', '1971-72', '1972-73', '1973-74', '1974-75', '1975-76', '1976-77', '1977-78', '1978-79', '1979-80', '1980-81', '1981-82', '1982-83', '1983-84', '1984-85', '1985-86', '1986-87', '1987-88', '1988-89', '1989-90', '1990-91', '1991-92', '1992-93', '1993-94', '1994-95', '1995-96', '1996-97', '1997-98', '1998-99', '1999-00', '2000-01', '2001-02', '2002-03', '2003-04', '2004-05', '2005-06', '2006-07', '2007-08', '2008-09', '2009-10', '2010-11', '2011-12', '2012-13', '2013-14', '2014-15', '2015-16', '2016-17', '2017-18', '2018-19', '2019-20', '2020-21', '2021-22', '2022-23', '2023-24', '2024-25', '2025-26'] dims_only=True enrich_bio=False awards=False salaries=True rosters=False include_playoffs=False pbp_limit=0 skip_reconciliation=False reconciliation_warn_only=False raw_backfill=False raw_dir=None raw_backfill_fail_fast=False analytics_view=None analytics_limit=20 analytics_output=None analytics_only=False metrics=False metrics_summary=False metrics_export_endpoint=None log_level=INFO log_file=logs\ingest_salaries_1946_2026_full.log
08:19:11  INFO      ingest  Initialising database schema...
08:19:11  INFO      ingest  Loading dimension tables...
08:19:11  INFO      src.etl.dimensions  Skipping dim_season (already loaded)
08:19:11  INFO      src.etl.dimensions  Skipping dim_team (already loaded)
08:19:11  INFO      src.etl.dimensions  Skipping dim_player static (already loaded)
08:19:11  INFO      ingest  Stage dimensions elapsed=0.00s
08:19:11  INFO      ingest  Checkpoint post-dimensions: etl_run_log status counts={'empty': 12, 'ok': 537} delta={'empty': 12, 'ok': 537} elapsed_since_previous=n/a
08:19:11  INFO      ingest  Checkpoint post-dimensions: table=dim_season row_count=80 delta=n/a previous=n/a
08:19:11  INFO      ingest  Checkpoint post-dimensions: table=dim_team row_count=30 delta=n/a previous=n/a
08:19:11  INFO      ingest  Checkpoint post-dimensions: table=dim_player row_count=5115 delta=n/a previous=n/a
08:19:11  INFO      ingest  Checkpoint post-dimensions: etl_run_log tail (latest 12 rows)
08:19:11  INFO      ingest  Checkpoint post-dimensions: runlog id=549 table=fact_salary season=2022-23 loader=salaries.load_player_salaries status=ok row_count=543 started=2026-02-21T13:18:53.961420+00:00 finished=2026-02-21T13:19:00.474534+00:00
08:19:11  INFO      ingest  Checkpoint post-dimensions: runlog id=548 table=dim_season season=- loader=dimensions.load_seasons.2022 status=ok row_count=0 started=2026-02-21T13:18:53.961440+00:00 finished=2026-02-21T13:18:53.963775+00:00
08:19:11  INFO      ingest  Checkpoint post-dimensions: runlog id=547 table=fact_roster season=2022-23 loader=roster.load_season_rosters status=ok row_count=508 started=2026-02-21T13:16:58.132031+00:00 finished=2026-02-21T13:18:36.313791+00:00
08:19:11  INFO      ingest  Checkpoint post-dimensions: runlog id=546 table=fact_roster season=2021-22 loader=roster.load_season_rosters status=ok row_count=506 started=2026-02-21T13:15:06.563649+00:00 finished=2026-02-21T13:16:58.131770+00:00
08:19:11  INFO      ingest  Checkpoint post-dimensions: runlog id=545 table=fact_roster season=2020-21 loader=roster.load_season_rosters status=ok row_count=503 started=2026-02-21T13:12:28.061425+00:00 finished=2026-02-21T13:15:06.563414+00:00
08:19:11  INFO      ingest  Checkpoint post-dimensions: runlog id=544 table=fact_roster season=2019-20 loader=roster.load_season_rosters status=ok row_count=510 started=2026-02-21T13:10:21.943898+00:00 finished=2026-02-21T13:12:28.061179+00:00
08:19:11  INFO      ingest  Checkpoint post-dimensions: runlog id=543 table=fact_roster season=2018-19 loader=roster.load_season_rosters status=ok row_count=497 started=2026-02-21T13:07:53.120018+00:00 finished=2026-02-21T13:10:21.943652+00:00
08:19:11  INFO      ingest  Checkpoint post-dimensions: runlog id=542 table=fact_roster season=2017-18 loader=roster.load_season_rosters status=ok row_count=502 started=2026-02-21T13:06:11.738342+00:00 finished=2026-02-21T13:07:53.119781+00:00
08:19:11  INFO      ingest  Checkpoint post-dimensions: runlog id=541 table=fact_roster season=2016-17 loader=roster.load_season_rosters status=ok row_count=451 started=2026-02-21T13:04:36.266734+00:00 finished=2026-02-21T13:06:11.738089+00:00
08:19:11  INFO      ingest  Checkpoint post-dimensions: runlog id=540 table=fact_roster season=2015-16 loader=roster.load_season_rosters status=ok row_count=451 started=2026-02-21T13:02:59.679801+00:00 finished=2026-02-21T13:04:36.266479+00:00
08:19:11  INFO      ingest  Checkpoint post-dimensions: runlog id=539 table=fact_roster season=2014-15 loader=roster.load_season_rosters status=ok row_count=450 started=2026-02-21T13:02:00.489065+00:00 finished=2026-02-21T13:02:59.679714+00:00
08:19:11  INFO      ingest  Checkpoint post-dimensions: runlog id=538 table=fact_roster season=2012-13 loader=roster.load_season_rosters status=ok row_count=446 started=2026-02-21T12:37:35.253394+00:00 finished=2026-02-21T12:38:16.085098+00:00
08:19:11  INFO      ingest  Loading salary cap and player salaries...
08:19:11  INFO      src.etl.dimensions  Skipping dim_season (already loaded)
08:19:11  INFO      src.etl.salaries  dim_salary_cap: 41 rows upserted.
08:19:11  INFO      src.etl.dimensions  dim_season: 0 rows upserted.
08:19:56  WARNING   src.etl.salaries  BBref fetch failed (https://www.basketball-reference.com/teams/ATL/1947.html): 404 Client Error: Not Found for url: https://www.basketball-reference.com/teams/ATL/1947.html
08:20:42  WARNING   src.etl.salaries  BBref fetch failed (https://www.basketball-reference.com/teams/CLE/1947.html): 404 Client Error: Not Found for url: https://www.basketball-reference.com/teams/CLE/1947.html
08:21:27  WARNING   src.etl.salaries  BBref fetch failed (https://www.basketball-reference.com/teams/NOP/1947.html): 404 Client Error: Not Found for url: https://www.basketball-reference.com/teams/NOP/1947.html
08:22:12  WARNING   src.etl.salaries  BBref fetch failed (https://www.basketball-reference.com/teams/CHI/1947.html): 404 Client Error: Not Found for url: https://www.basketball-reference.com/teams/CHI/1947.html
08:22:58  WARNING   src.etl.salaries  BBref fetch failed (https://www.basketball-reference.com/teams/DAL/1947.html): 404 Client Error: Not Found for url: https://www.basketball-reference.com/teams/DAL/1947.html
08:23:43  WARNING   src.etl.salaries  BBref fetch failed (https://www.basketball-reference.com/teams/DEN/1947.html): 404 Client Error: Not Found for url: https://www.basketball-reference.com/teams/DEN/1947.html
08:24:28  WARNING   src.etl.salaries  BBref fetch failed (https://www.basketball-reference.com/teams/GSW/1947.html): 404 Client Error: Not Found for url: https://www.basketball-reference.com/teams/GSW/1947.html
08:25:14  WARNING   src.etl.salaries  BBref fetch failed (https://www.basketball-reference.com/teams/HOU/1947.html): 404 Client Error: Not Found for url: https://www.basketball-reference.com/teams/HOU/1947.html
08:25:59  WARNING   src.etl.salaries  BBref fetch failed (https://www.basketball-reference.com/teams/LAC/1947.html): 404 Client Error: Not Found for url: https://www.basketball-reference.com/teams/LAC/1947.html
08:26:44  WARNING   src.etl.salaries  BBref fetch failed (https://www.basketball-reference.com/teams/LAL/1947.html): 404 Client Error: Not Found for url: https://www.basketball-reference.com/teams/LAL/1947.html
08:27:30  WARNING   src.etl.salaries  BBref fetch failed (https://www.basketball-reference.com/teams/MIA/1947.html): 404 Client Error: Not Found for url: https://www.basketball-reference.com/teams/MIA/1947.html
08:28:15  WARNING   src.etl.salaries  BBref fetch failed (https://www.basketball-reference.com/teams/MIL/1947.html): 404 Client Error: Not Found for url: https://www.basketball-reference.com/teams/MIL/1947.html
08:29:00  WARNING   src.etl.salaries  BBref fetch failed (https://www.basketball-reference.com/teams/MIN/1947.html): 404 Client Error: Not Found for url: https://www.basketball-reference.com/teams/MIN/1947.html
08:29:46  WARNING   src.etl.salaries  BBref fetch failed (https://www.basketball-reference.com/teams/BRK/1947.html): 404 Client Error: Not Found for url: https://www.basketball-reference.com/teams/BRK/1947.html
08:30:31  WARNING   src.etl.salaries  BBref fetch failed (https://www.basketball-reference.com/teams/ORL/1947.html): 404 Client Error: Not Found for url: https://www.basketball-reference.com/teams/ORL/1947.html
08:31:17  WARNING   src.etl.salaries  BBref fetch failed (https://www.basketball-reference.com/teams/IND/1947.html): 404 Client Error: Not Found for url: https://www.basketball-reference.com/teams/IND/1947.html
08:32:02  WARNING   src.etl.salaries  BBref fetch failed (https://www.basketball-reference.com/teams/PHI/1947.html): 404 Client Error: Not Found for url: https://www.basketball-reference.com/teams/PHI/1947.html
08:32:47  WARNING   src.etl.salaries  BBref fetch failed (https://www.basketball-reference.com/teams/PHO/1947.html): 404 Client Error: Not Found for url: https://www.basketball-reference.com/teams/PHO/1947.html
08:33:33  WARNING   src.etl.salaries  BBref fetch failed (https://www.basketball-reference.com/teams/POR/1947.html): 404 Client Error: Not Found for url: https://www.basketball-reference.com/teams/POR/1947.html
08:34:18  WARNING   src.etl.salaries  BBref fetch failed (https://www.basketball-reference.com/teams/SAC/1947.html): 404 Client Error: Not Found for url: https://www.basketball-reference.com/teams/SAC/1947.html
08:35:03  WARNING   src.etl.salaries  BBref fetch failed (https://www.basketball-reference.com/teams/SAS/1947.html): 404 Client Error: Not Found for url: https://www.basketball-reference.com/teams/SAS/1947.html
08:35:49  WARNING   src.etl.salaries  BBref fetch failed (https://www.basketball-reference.com/teams/OKC/1947.html): 404 Client Error: Not Found for url: https://www.basketball-reference.com/teams/OKC/1947.html
08:36:34  WARNING   src.etl.salaries  BBref fetch failed (https://www.basketball-reference.com/teams/TOR/1947.html): 404 Client Error: Not Found for url: https://www.basketball-reference.com/teams/TOR/1947.html
08:37:19  WARNING   src.etl.salaries  BBref fetch failed (https://www.basketball-reference.com/teams/UTA/1947.html): 404 Client Error: Not Found for url: https://www.basketball-reference.com/teams/UTA/1947.html
08:38:05  WARNING   src.etl.salaries  BBref fetch failed (https://www.basketball-reference.com/teams/MEM/1947.html): 404 Client Error: Not Found for url: https://www.basketball-reference.com/teams/MEM/1947.html
08:38:50  WARNING   src.etl.salaries  BBref fetch failed (https://www.basketball-reference.com/teams/WAS/1947.html): 404 Client Error: Not Found for url: https://www.basketball-reference.com/teams/WAS/1947.html
08:39:35  WARNING   src.etl.salaries  BBref fetch failed (https://www.basketball-reference.com/teams/DET/1947.html): 404 Client Error: Not Found for url: https://www.basketball-reference.com/teams/DET/1947.html
08:40:21  WARNING   src.etl.salaries  BBref fetch failed (https://www.basketball-reference.com/teams/CHO/1947.html): 404 Client Error: Not Found for url: https://www.basketball-reference.com/teams/CHO/1947.html
08:40:21  WARNING   src.etl.salaries  fact_salary (1946-47): no rows to insert.
08:40:23  INFO      src.etl.dimensions  dim_season: 0 rows upserted.
08:41:08  WARNING   src.etl.salaries  BBref fetch failed (https://www.basketball-reference.com/teams/ATL/1948.html): 404 Client Error: Not Found for url: https://www.basketball-reference.com/teams/ATL/1948.html
08:41:54  WARNING   src.etl.salaries  BBref fetch failed (https://www.basketball-reference.com/teams/CLE/1948.html): 404 Client Error: Not Found for url: https://www.basketball-reference.com/teams/CLE/1948.html
08:42:39  WARNING   src.etl.salaries  BBref fetch failed (https://www.basketball-reference.com/teams/NOP/1948.html): 404 Client Error: Not Found for url: https://www.basketball-reference.com/teams/NOP/1948.html
08:43:24  WARNING   src.etl.salaries  BBref fetch failed (https://www.basketball-reference.com/teams/CHI/1948.html): 404 Client Error: Not Found for url: https://www.basketball-reference.com/teams/CHI/1948.html
08:44:10  WARNING   src.etl.salaries  BBref fetch failed (https://www.basketball-reference.com/teams/DAL/1948.html): 404 Client Error: Not Found for url: https://www.basketball-reference.com/teams/DAL/1948.html
08:44:55  WARNING   src.etl.salaries  BBref fetch failed (https://www.basketball-reference.com/teams/DEN/1948.html): 404 Client Error: Not Found for url: https://www.basketball-reference.com/teams/DEN/1948.html
08:45:40  WARNING   src.etl.salaries  BBref fetch failed (https://www.basketball-reference.com/teams/GSW/1948.html): 404 Client Error: Not Found for url: https://www.basketball-reference.com/teams/GSW/1948.html
08:46:26  WARNING   src.etl.salaries  BBref fetch failed (https://www.basketball-reference.com/teams/HOU/1948.html): 404 Client Error: Not Found for url: https://www.basketball-reference.com/teams/HOU/1948.html
08:47:11  WARNING   src.etl.salaries  BBref fetch failed (https://www.basketball-reference.com/teams/LAC/1948.html): 404 Client Error: Not Found for url: https://www.basketball-reference.com/teams/LAC/1948.html
08:47:56  WARNING   src.etl.salaries  BBref fetch failed (https://www.basketball-reference.com/teams/LAL/1948.html): 404 Client Error: Not Found for url: https://www.basketball-reference.com/teams/LAL/1948.html
08:48:42  WARNING   src.etl.salaries  BBref fetch failed (https://www.basketball-reference.com/teams/MIA/1948.html): 404 Client Error: Not Found for url: https://www.basketball-reference.com/teams/MIA/1948.html
08:49:27  WARNING   src.etl.salaries  BBref fetch failed (https://www.basketball-reference.com/teams/MIL/1948.html): 404 Client Error: Not Found for url: https://www.basketball-reference.com/teams/MIL/1948.html
08:50:12  WARNING   src.etl.salaries  BBref fetch failed (https://www.basketball-reference.com/teams/MIN/1948.html): 404 Client Error: Not Found for url: https://www.basketball-reference.com/teams/MIN/1948.html
08:50:57  WARNING   src.etl.salaries  BBref fetch failed (https://www.basketball-reference.com/teams/BRK/1948.html): 404 Client Error: Not Found for url: https://www.basketball-reference.com/teams/BRK/1948.html
08:51:43  WARNING   src.etl.salaries  BBref fetch failed (https://www.basketball-reference.com/teams/ORL/1948.html): 404 Client Error: Not Found for url: https://www.basketball-reference.com/teams/ORL/1948.html
08:52:28  WARNING   src.etl.salaries  BBref fetch failed (https://www.basketball-reference.com/teams/IND/1948.html): 404 Client Error: Not Found for url: https://www.basketball-reference.com/teams/IND/1948.html
08:53:14  WARNING   src.etl.salaries  BBref fetch failed (https://www.basketball-reference.com/teams/PHI/1948.html): 404 Client Error: Not Found for url: https://www.basketball-reference.com/teams/PHI/1948.html
08:53:59  WARNING   src.etl.salaries  BBref fetch failed (https://www.basketball-reference.com/teams/PHO/1948.html): 404 Client Error: Not Found for url: https://www.basketball-reference.com/teams/PHO/1948.html
08:54:44  WARNING   src.etl.salaries  BBref fetch failed (https://www.basketball-reference.com/teams/POR/1948.html): 404 Client Error: Not Found for url: https://www.basketball-reference.com/teams/POR/1948.html
08:55:30  WARNING   src.etl.salaries  BBref fetch failed (https://www.basketball-reference.com/teams/SAC/1948.html): 404 Client Error: Not Found for url: https://www.basketball-reference.com/teams/SAC/1948.html
08:56:15  WARNING   src.etl.salaries  BBref fetch failed (https://www.basketball-reference.com/teams/SAS/1948.html): 404 Client Error: Not Found for url: https://www.basketball-reference.com/teams/SAS/1948.html
08:57:00  WARNING   src.etl.salaries  BBref fetch failed (https://www.basketball-reference.com/teams/OKC/1948.html): 404 Client Error: Not Found for url: https://www.basketball-reference.com/teams/OKC/1948.html
08:57:46  WARNING   src.etl.salaries  BBref fetch failed (https://www.basketball-reference.com/teams/TOR/1948.html): 404 Client Error: Not Found for url: https://www.basketball-reference.com/teams/TOR/1948.html
08:58:31  WARNING   src.etl.salaries  BBref fetch failed (https://www.basketball-reference.com/teams/UTA/1948.html): 404 Client Error: Not Found for url: https://www.basketball-reference.com/teams/UTA/1948.html
08:59:16  WARNING   src.etl.salaries  BBref fetch failed (https://www.basketball-reference.com/teams/MEM/1948.html): 404 Client Error: Not Found for url: https://www.basketball-reference.com/teams/MEM/1948.html
09:00:02  WARNING   src.etl.salaries  BBref fetch failed (https://www.basketball-reference.com/teams/WAS/1948.html): 404 Client Error: Not Found for url: https://www.basketball-reference.com/teams/WAS/1948.html
09:00:47  WARNING   src.etl.salaries  BBref fetch failed (https://www.basketball-reference.com/teams/DET/1948.html): 404 Client Error: Not Found for url: https://www.basketball-reference.com/teams/DET/1948.html
09:01:32  WARNING   src.etl.salaries  BBref fetch failed (https://www.basketball-reference.com/teams/CHO/1948.html): 404 Client Error: Not Found for url: https://www.basketball-reference.com/teams/CHO/1948.html
09:01:32  WARNING   src.etl.salaries  fact_salary (1947-48): no rows to insert.
09:01:34  INFO      src.etl.dimensions  dim_season: 0 rows upserted.
09:02:20  WARNING   src.etl.salaries  BBref fetch failed (https://www.basketball-reference.com/teams/ATL/1949.html): 404 Client Error: Not Found for url: https://www.basketball-reference.com/teams/ATL/1949.html
09:03:05  WARNING   src.etl.salaries  BBref fetch failed (https://www.basketball-reference.com/teams/CLE/1949.html): 404 Client Error: Not Found for url: https://www.basketball-reference.com/teams/CLE/1949.html
09:03:51  WARNING   src.etl.salaries  BBref fetch failed (https://www.basketball-reference.com/teams/NOP/1949.html): 404 Client Error: Not Found for url: https://www.basketball-reference.com/teams/NOP/1949.html
09:04:36  WARNING   src.etl.salaries  BBref fetch failed (https://www.basketball-reference.com/teams/CHI/1949.html): 404 Client Error: Not Found for url: https://www.basketball-reference.com/teams/CHI/1949.html
09:05:21  WARNING   src.etl.salaries  BBref fetch failed (https://www.basketball-reference.com/teams/DAL/1949.html): 404 Client Error: Not Found for url: https://www.basketball-reference.com/teams/DAL/1949.html
09:06:07  WARNING   src.etl.salaries  BBref fetch failed (https://www.basketball-reference.com/teams/DEN/1949.html): 404 Client Error: Not Found for url: https://www.basketball-reference.com/teams/DEN/1949.html
09:06:52  WARNING   src.etl.salaries  BBref fetch failed (https://www.basketball-reference.com/teams/GSW/1949.html): 404 Client Error: Not Found for url: https://www.basketball-reference.com/teams/GSW/1949.html
09:07:37  WARNING   src.etl.salaries  BBref fetch failed (https://www.basketball-reference.com/teams/HOU/1949.html): 404 Client Error: Not Found for url: https://www.basketball-reference.com/teams/HOU/1949.html
09:08:23  WARNING   src.etl.salaries  BBref fetch failed (https://www.basketball-reference.com/teams/LAC/1949.html): 404 Client Error: Not Found for url: https://www.basketball-reference.com/teams/LAC/1949.html
09:09:08  WARNING   src.etl.salaries  BBref fetch failed (https://www.basketball-reference.com/teams/LAL/1949.html): 404 Client Error: Not Found for url: https://www.basketball-reference.com/teams/LAL/1949.html
09:09:53  WARNING   src.etl.salaries  BBref fetch failed (https://www.basketball-reference.com/teams/MIA/1949.html): 404 Client Error: Not Found for url: https://www.basketball-reference.com/teams/MIA/1949.html
09:10:39  WARNING   src.etl.salaries  BBref fetch failed (https://www.basketball-reference.com/teams/MIL/1949.html): 404 Client Error: Not Found for url: https://www.basketball-reference.com/teams/MIL/1949.html
09:11:24  WARNING   src.etl.salaries  BBref fetch failed (https://www.basketball-reference.com/teams/MIN/1949.html): 404 Client Error: Not Found for url: https://www.basketball-reference.com/teams/MIN/1949.html
09:12:09  WARNING   src.etl.salaries  BBref fetch failed (https://www.basketball-reference.com/teams/BRK/1949.html): 404 Client Error: Not Found for url: https://www.basketball-reference.com/teams/BRK/1949.html
09:12:55  WARNING   src.etl.salaries  BBref fetch failed (https://www.basketball-reference.com/teams/ORL/1949.html): 404 Client Error: Not Found for url: https://www.basketball-reference.com/teams/ORL/1949.html
09:13:40  WARNING   src.etl.salaries  BBref fetch failed (https://www.basketball-reference.com/teams/IND/1949.html): 404 Client Error: Not Found for url: https://www.basketball-reference.com/teams/IND/1949.html
09:14:25  WARNING   src.etl.salaries  BBref fetch failed (https://www.basketball-reference.com/teams/PHI/1949.html): 404 Client Error: Not Found for url: https://www.basketball-reference.com/teams/PHI/1949.html
09:15:11  WARNING   src.etl.salaries  BBref fetch failed (https://www.basketball-reference.com/teams/PHO/1949.html): 404 Client Error: Not Found for url: https://www.basketball-reference.com/teams/PHO/1949.html
09:15:56  WARNING   src.etl.salaries  BBref fetch failed (https://www.basketball-reference.com/teams/POR/1949.html): 404 Client Error: Not Found for url: https://www.basketball-reference.com/teams/POR/1949.html
09:16:41  WARNING   src.etl.salaries  BBref fetch failed (https://www.basketball-reference.com/teams/SAC/1949.html): 404 Client Error: Not Found for url: https://www.basketball-reference.com/teams/SAC/1949.html
09:17:27  WARNING   src.etl.salaries  BBref fetch failed (https://www.basketball-reference.com/teams/SAS/1949.html): 404 Client Error: Not Found for url: https://www.basketball-reference.com/teams/SAS/1949.html
09:18:12  WARNING   src.etl.salaries  BBref fetch failed (https://www.basketball-reference.com/teams/OKC/1949.html): 404 Client Error: Not Found for url: https://www.basketball-reference.com/teams/OKC/1949.html
09:18:58  WARNING   src.etl.salaries  BBref fetch failed (https://www.basketball-reference.com/teams/TOR/1949.html): 404 Client Error: Not Found for url: https://www.basketball-reference.com/teams/TOR/1949.html
09:19:43  WARNING   src.etl.salaries  BBref fetch failed (https://www.basketball-reference.com/teams/UTA/1949.html): 404 Client Error: Not Found for url: https://www.basketball-reference.com/teams/UTA/1949.html
09:20:28  WARNING   src.etl.salaries  BBref fetch failed (https://www.basketball-reference.com/teams/MEM/1949.html): 404 Client Error: Not Found for url: https://www.basketball-reference.com/teams/MEM/1949.html
09:21:14  WARNING   src.etl.salaries  BBref fetch failed (https://www.basketball-reference.com/teams/WAS/1949.html): 404 Client Error: Not Found for url: https://www.basketball-reference.com/teams/WAS/1949.html
09:21:59  WARNING   src.etl.salaries  BBref fetch failed (https://www.basketball-reference.com/teams/DET/1949.html): 404 Client Error: Not Found for url: https://www.basketball-reference.com/teams/DET/1949.html
09:22:44  WARNING   src.etl.salaries  BBref fetch failed (https://www.basketball-reference.com/teams/CHO/1949.html): 404 Client Error: Not Found for url: https://www.basketball-reference.com/teams/CHO/1949.html
09:22:44  WARNING   src.etl.salaries  fact_salary (1948-49): no rows to insert.
09:22:46  INFO      src.etl.dimensions  dim_season: 0 rows upserted.
09:23:32  WARNING   src.etl.salaries  BBref fetch failed (https://www.basketball-reference.com/teams/ATL/1950.html): 404 Client Error: Not Found for url: https://www.basketball-reference.com/teams/ATL/1950.html
09:24:17  WARNING   src.etl.salaries  BBref fetch failed (https://www.basketball-reference.com/teams/CLE/1950.html): 404 Client Error: Not Found for url: https://www.basketball-reference.com/teams/CLE/1950.html
09:25:02  WARNING   src.etl.salaries  BBref fetch failed (https://www.basketball-reference.com/teams/NOP/1950.html): 404 Client Error: Not Found for url: https://www.basketball-reference.com/teams/NOP/1950.html
09:25:48  WARNING   src.etl.salaries  BBref fetch failed (https://www.basketball-reference.com/teams/CHI/1950.html): 404 Client Error: Not Found for url: https://www.basketball-reference.com/teams/CHI/1950.html
09:26:33  WARNING   src.etl.salaries  BBref fetch failed (https://www.basketball-reference.com/teams/DAL/1950.html): 404 Client Error: Not Found for url: https://www.basketball-reference.com/teams/DAL/1950.html
09:27:18  WARNING   src.etl.salaries  BBref fetch failed (https://www.basketball-reference.com/teams/DEN/1950.html): 404 Client Error: Not Found for url: https://www.basketball-reference.com/teams/DEN/1950.html
09:28:04  WARNING   src.etl.salaries  BBref fetch failed (https://www.basketball-reference.com/teams/GSW/1950.html): 404 Client Error: Not Found for url: https://www.basketball-reference.com/teams/GSW/1950.html
09:28:49  WARNING   src.etl.salaries  BBref fetch failed (https://www.basketball-reference.com/teams/HOU/1950.html): 404 Client Error: Not Found for url: https://www.basketball-reference.com/teams/HOU/1950.html
09:29:34  WARNING   src.etl.salaries  BBref fetch failed (https://www.basketball-reference.com/teams/LAC/1950.html): 404 Client Error: Not Found for url: https://www.basketball-reference.com/teams/LAC/1950.html
09:30:20  WARNING   src.etl.salaries  BBref fetch failed (https://www.basketball-reference.com/teams/LAL/1950.html): 404 Client Error: Not Found for url: https://www.basketball-reference.com/teams/LAL/1950.html
09:31:05  WARNING   src.etl.salaries  BBref fetch failed (https://www.basketball-reference.com/teams/MIA/1950.html): 404 Client Error: Not Found for url: https://www.basketball-reference.com/teams/MIA/1950.html
09:31:50  WARNING   src.etl.salaries  BBref fetch failed (https://www.basketball-reference.com/teams/MIL/1950.html): 404 Client Error: Not Found for url: https://www.basketball-reference.com/teams/MIL/1950.html
09:32:36  WARNING   src.etl.salaries  BBref fetch failed (https://www.basketball-reference.com/teams/MIN/1950.html): 404 Client Error: Not Found for url: https://www.basketball-reference.com/teams/MIN/1950.html
09:33:21  WARNING   src.etl.salaries  BBref fetch failed (https://www.basketball-reference.com/teams/BRK/1950.html): 404 Client Error: Not Found for url: https://www.basketball-reference.com/teams/BRK/1950.html
09:34:07  WARNING   src.etl.salaries  BBref fetch failed (https://www.basketball-reference.com/teams/ORL/1950.html): 404 Client Error: Not Found for url: https://www.basketball-reference.com/teams/ORL/1950.html
09:34:52  WARNING   src.etl.salaries  BBref fetch failed (https://www.basketball-reference.com/teams/IND/1950.html): 404 Client Error: Not Found for url: https://www.basketball-reference.com/teams/IND/1950.html
09:35:37  WARNING   src.etl.salaries  BBref fetch failed (https://www.basketball-reference.com/teams/PHI/1950.html): 404 Client Error: Not Found for url: https://www.basketball-reference.com/teams/PHI/1950.html
09:36:23  WARNING   src.etl.salaries  BBref fetch failed (https://www.basketball-reference.com/teams/PHO/1950.html): 404 Client Error: Not Found for url: https://www.basketball-reference.com/teams/PHO/1950.html
09:37:08  WARNING   src.etl.salaries  BBref fetch failed (https://www.basketball-reference.com/teams/POR/1950.html): 404 Client Error: Not Found for url: https://www.basketball-reference.com/teams/POR/1950.html
09:37:53  WARNING   src.etl.salaries  BBref fetch failed (https://www.basketball-reference.com/teams/SAC/1950.html): 404 Client Error: Not Found for url: https://www.basketball-reference.com/teams/SAC/1950.html
09:38:39  WARNING   src.etl.salaries  BBref fetch failed (https://www.basketball-reference.com/teams/SAS/1950.html): 404 Client Error: Not Found for url: https://www.basketball-reference.com/teams/SAS/1950.html
09:39:24  WARNING   src.etl.salaries  BBref fetch failed (https://www.basketball-reference.com/teams/OKC/1950.html): 404 Client Error: Not Found for url: https://www.basketball-reference.com/teams/OKC/1950.html
09:40:09  WARNING   src.etl.salaries  BBref fetch failed (https://www.basketball-reference.com/teams/TOR/1950.html): 404 Client Error: Not Found for url: https://www.basketball-reference.com/teams/TOR/1950.html
09:40:55  WARNING   src.etl.salaries  BBref fetch failed (https://www.basketball-reference.com/teams/UTA/1950.html): 404 Client Error: Not Found for url: https://www.basketball-reference.com/teams/UTA/1950.html
09:41:40  WARNING   src.etl.salaries  BBref fetch failed (https://www.basketball-reference.com/teams/MEM/1950.html): 404 Client Error: Not Found for url: https://www.basketball-reference.com/teams/MEM/1950.html
09:42:25  WARNING   src.etl.salaries  BBref fetch failed (https://www.basketball-reference.com/teams/WAS/1950.html): 404 Client Error: Not Found for url: https://www.basketball-reference.com/teams/WAS/1950.html
09:43:11  WARNING   src.etl.salaries  BBref fetch failed (https://www.basketball-reference.com/teams/DET/1950.html): 404 Client Error: Not Found for url: https://www.basketball-reference.com/teams/DET/1950.html
09:43:56  WARNING   src.etl.salaries  BBref fetch failed (https://www.basketball-reference.com/teams/CHO/1950.html): 404 Client Error: Not Found for url: https://www.basketball-reference.com/teams/CHO/1950.html
09:43:56  WARNING   src.etl.salaries  fact_salary (1949-50): no rows to insert.
09:43:58  INFO      src.etl.dimensions  dim_season: 0 rows upserted.
09:44:43  WARNING   src.etl.salaries  BBref fetch failed (https://www.basketball-reference.com/teams/ATL/1951.html): 404 Client Error: Not Found for url: https://www.basketball-reference.com/teams/ATL/1951.html
09:45:29  WARNING   src.etl.salaries  BBref fetch failed (https://www.basketball-reference.com/teams/CLE/1951.html): 404 Client Error: Not Found for url: https://www.basketball-reference.com/teams/CLE/1951.html
09:46:14  WARNING   src.etl.salaries  BBref fetch failed (https://www.basketball-reference.com/teams/NOP/1951.html): 404 Client Error: Not Found for url: https://www.basketball-reference.com/teams/NOP/1951.html
09:47:00  WARNING   src.etl.salaries  BBref fetch failed (https://www.basketball-reference.com/teams/CHI/1951.html): 404 Client Error: Not Found for url: https://www.basketball-reference.com/teams/CHI/1951.html
09:47:45  WARNING   src.etl.salaries  BBref fetch failed (https://www.basketball-reference.com/teams/DAL/1951.html): 404 Client Error: Not Found for url: https://www.basketball-reference.com/teams/DAL/1951.html
09:48:30  WARNING   src.etl.salaries  BBref fetch failed (https://www.basketball-reference.com/teams/DEN/1951.html): 404 Client Error: Not Found for url: https://www.basketball-reference.com/teams/DEN/1951.html
09:49:16  WARNING   src.etl.salaries  BBref fetch failed (https://www.basketball-reference.com/teams/GSW/1951.html): 404 Client Error: Not Found for url: https://www.basketball-reference.com/teams/GSW/1951.html
09:50:01  WARNING   src.etl.salaries  BBref fetch failed (https://www.basketball-reference.com/teams/HOU/1951.html): 404 Client Error: Not Found for url: https://www.basketball-reference.com/teams/HOU/1951.html
09:50:46  WARNING   src.etl.salaries  BBref fetch failed (https://www.basketball-reference.com/teams/LAC/1951.html): 404 Client Error: Not Found for url: https://www.basketball-reference.com/teams/LAC/1951.html
09:51:32  WARNING   src.etl.salaries  BBref fetch failed (https://www.basketball-reference.com/teams/LAL/1951.html): 404 Client Error: Not Found for url: https://www.basketball-reference.com/teams/LAL/1951.html
09:52:17  WARNING   src.etl.salaries  BBref fetch failed (https://www.basketball-reference.com/teams/MIA/1951.html): 404 Client Error: Not Found for url: https://www.basketball-reference.com/teams/MIA/1951.html
09:53:02  WARNING   src.etl.salaries  BBref fetch failed (https://www.basketball-reference.com/teams/MIL/1951.html): 404 Client Error: Not Found for url: https://www.basketball-reference.com/teams/MIL/1951.html
09:53:48  WARNING   src.etl.salaries  BBref fetch failed (https://www.basketball-reference.com/teams/MIN/1951.html): 404 Client Error: Not Found for url: https://www.basketball-reference.com/teams/MIN/1951.html
09:54:33  WARNING   src.etl.salaries  BBref fetch failed (https://www.basketball-reference.com/teams/BRK/1951.html): 404 Client Error: Not Found for url: https://www.basketball-reference.com/teams/BRK/1951.html
09:55:19  WARNING   src.etl.salaries  BBref fetch failed (https://www.basketball-reference.com/teams/ORL/1951.html): 404 Client Error: Not Found for url: https://www.basketball-reference.com/teams/ORL/1951.html
09:56:04  WARNING   src.etl.salaries  BBref fetch failed (https://www.basketball-reference.com/teams/IND/1951.html): 404 Client Error: Not Found for url: https://www.basketball-reference.com/teams/IND/1951.html
09:56:49  WARNING   src.etl.salaries  BBref fetch failed (https://www.basketball-reference.com/teams/PHI/1951.html): 404 Client Error: Not Found for url: https://www.basketball-reference.com/teams/PHI/1951.html
09:57:35  WARNING   src.etl.salaries  BBref fetch failed (https://www.basketball-reference.com/teams/PHO/1951.html): 404 Client Error: Not Found for url: https://www.basketball-reference.com/teams/PHO/1951.html
09:58:20  WARNING   src.etl.salaries  BBref fetch failed (https://www.basketball-reference.com/teams/POR/1951.html): 404 Client Error: Not Found for url: https://www.basketball-reference.com/teams/POR/1951.html
09:59:05  WARNING   src.etl.salaries  BBref fetch failed (https://www.basketball-reference.com/teams/SAC/1951.html): 404 Client Error: Not Found for url: https://www.basketball-reference.com/teams/SAC/1951.html
09:59:51  WARNING   src.etl.salaries  BBref fetch failed (https://www.basketball-reference.com/teams/SAS/1951.html): 404 Client Error: Not Found for url: https://www.basketball-reference.com/teams/SAS/1951.html
10:00:36  WARNING   src.etl.salaries  BBref fetch failed (https://www.basketball-reference.com/teams/OKC/1951.html): 404 Client Error: Not Found for url: https://www.basketball-reference.com/teams/OKC/1951.html
10:01:21  WARNING   src.etl.salaries  BBref fetch failed (https://www.basketball-reference.com/teams/TOR/1951.html): 404 Client Error: Not Found for url: https://www.basketball-reference.com/teams/TOR/1951.html
10:02:07  WARNING   src.etl.salaries  BBref fetch failed (https://www.basketball-reference.com/teams/UTA/1951.html): 404 Client Error: Not Found for url: https://www.basketball-reference.com/teams/UTA/1951.html
10:02:52  WARNING   src.etl.salaries  BBref fetch failed (https://www.basketball-reference.com/teams/MEM/1951.html): 404 Client Error: Not Found for url: https://www.basketball-reference.com/teams/MEM/1951.html
10:03:37  WARNING   src.etl.salaries  BBref fetch failed (https://www.basketball-reference.com/teams/WAS/1951.html): 404 Client Error: Not Found for url: https://www.basketball-reference.com/teams/WAS/1951.html
10:04:23  WARNING   src.etl.salaries  BBref fetch failed (https://www.basketball-reference.com/teams/DET/1951.html): 404 Client Error: Not Found for url: https://www.basketball-reference.com/teams/DET/1951.html
10:05:08  WARNING   src.etl.salaries  BBref fetch failed (https://www.basketball-reference.com/teams/CHO/1951.html): 404 Client Error: Not Found for url: https://www.basketball-reference.com/teams/CHO/1951.html
10:05:08  WARNING   src.etl.salaries  fact_salary (1950-51): no rows to insert.
10:05:10  INFO      src.etl.dimensions  dim_season: 0 rows upserted.
10:05:55  WARNING   src.etl.salaries  BBref fetch failed (https://www.basketball-reference.com/teams/ATL/1952.html): 404 Client Error: Not Found for url: https://www.basketball-reference.com/teams/ATL/1952.html
10:06:41  WARNING   src.etl.salaries  BBref fetch failed (https://www.basketball-reference.com/teams/CLE/1952.html): 404 Client Error: Not Found for url: https://www.basketball-reference.com/teams/CLE/1952.html
10:07:26  WARNING   src.etl.salaries  BBref fetch failed (https://www.basketball-reference.com/teams/NOP/1952.html): 404 Client Error: Not Found for url: https://www.basketball-reference.com/teams/NOP/1952.html
10:08:12  WARNING   src.etl.salaries  BBref fetch failed (https://www.basketball-reference.com/teams/CHI/1952.html): 404 Client Error: Not Found for url: https://www.basketball-reference.com/teams/CHI/1952.html
10:08:57  WARNING   src.etl.salaries  BBref fetch failed (https://www.basketball-reference.com/teams/DAL/1952.html): 404 Client Error: Not Found for url: https://www.basketball-reference.com/teams/DAL/1952.html
10:09:42  WARNING   src.etl.salaries  BBref fetch failed (https://www.basketball-reference.com/teams/DEN/1952.html): 404 Client Error: Not Found for url: https://www.basketball-reference.com/teams/DEN/1952.html
10:10:28  WARNING   src.etl.salaries  BBref fetch failed (https://www.basketball-reference.com/teams/GSW/1952.html): 404 Client Error: Not Found for url: https://www.basketball-reference.com/teams/GSW/1952.html
10:11:13  WARNING   src.etl.salaries  BBref fetch failed (https://www.basketball-reference.com/teams/HOU/1952.html): 404 Client Error: Not Found for url: https://www.basketball-reference.com/teams/HOU/1952.html
10:11:58  WARNING   src.etl.salaries  BBref fetch failed (https://www.basketball-reference.com/teams/LAC/1952.html): 404 Client Error: Not Found for url: https://www.basketball-reference.com/teams/LAC/1952.html
10:12:44  WARNING   src.etl.salaries  BBref fetch failed (https://www.basketball-reference.com/teams/LAL/1952.html): 404 Client Error: Not Found for url: https://www.basketball-reference.com/teams/LAL/1952.html
10:13:29  WARNING   src.etl.salaries  BBref fetch failed (https://www.basketball-reference.com/teams/MIA/1952.html): 404 Client Error: Not Found for url: https://www.basketball-reference.com/teams/MIA/1952.html
10:14:14  WARNING   src.etl.salaries  BBref fetch failed (https://www.basketball-reference.com/teams/MIL/1952.html): 404 Client Error: Not Found for url: https://www.basketball-reference.com/teams/MIL/1952.html
10:15:00  WARNING   src.etl.salaries  BBref fetch failed (https://www.basketball-reference.com/teams/MIN/1952.html): 404 Client Error: Not Found for url: https://www.basketball-reference.com/teams/MIN/1952.html
10:15:45  WARNING   src.etl.salaries  BBref fetch failed (https://www.basketball-reference.com/teams/BRK/1952.html): 404 Client Error: Not Found for url: https://www.basketball-reference.com/teams/BRK/1952.html
10:16:31  WARNING   src.etl.salaries  BBref fetch failed (https://www.basketball-reference.com/teams/ORL/1952.html): 404 Client Error: Not Found for url: https://www.basketball-reference.com/teams/ORL/1952.html
10:17:16  WARNING   src.etl.salaries  BBref fetch failed (https://www.basketball-reference.com/teams/IND/1952.html): 404 Client Error: Not Found for url: https://www.basketball-reference.com/teams/IND/1952.html
10:18:01  WARNING   src.etl.salaries  BBref fetch failed (https://www.basketball-reference.com/teams/PHI/1952.html): 404 Client Error: Not Found for url: https://www.basketball-reference.com/teams/PHI/1952.html
10:18:47  WARNING   src.etl.salaries  BBref fetch failed (https://www.basketball-reference.com/teams/PHO/1952.html): 404 Client Error: Not Found for url: https://www.basketball-reference.com/teams/PHO/1952.html
10:19:32  WARNING   src.etl.salaries  BBref fetch failed (https://www.basketball-reference.com/teams/POR/1952.html): 404 Client Error: Not Found for url: https://www.basketball-reference.com/teams/POR/1952.html
