16:26:52  INFO      ingest  Ingest arguments: seasons=['1946-47', '1947-48', '1948-49', '1949-50', '1950-51', '1951-52', '1952-53', '1953-54', '1954-55', '1955-56', '1956-57', '1957-58', '1958-59', '1959-60', '1960-61', '1961-62', '1962-63', '1963-64', '1964-65', '1965-66', '1966-67', '1967-68', '1968-69', '1969-70', '1970-71', '1971-72', '1972-73', '1973-74', '1974-75', '1975-76', '1976-77', '1977-78', '1978-79', '1979-80', '1980-81', '1981-82', '1982-83', '1983-84', '1984-85', '1985-86', '1986-87', '1987-88', '1988-89', '1989-90', '1990-91', '1991-92', '1992-93', '1993-94', '1994-95', '1995-96', '1996-97', '1997-98', '1998-99', '1999-00', '2000-01', '2001-02', '2002-03', '2003-04', '2004-05', '2005-06', '2006-07', '2007-08', '2008-09', '2009-10', '2010-11', '2011-12', '2012-13', '2013-14', '2014-15', '2015-16', '2016-17', '2017-18', '2018-19', '2019-20', '2020-21', '2021-22', '2022-23', '2023-24', '2024-25', '2025-26'] dims_only=True enrich_bio=False awards=False salaries=True rosters=False include_playoffs=False pbp_limit=0 skip_reconciliation=False reconciliation_warn_only=False raw_backfill=False raw_dir=None raw_backfill_fail_fast=False analytics_view=None analytics_limit=20 analytics_output=None analytics_only=False metrics=False metrics_summary=False metrics_export_endpoint=None log_level=INFO log_file=logs\ingest_salaries_fresh_full.log runlog_tail=8
16:26:52  INFO      ingest  Initialising database schema...
16:26:52  INFO      ingest  Loading dimension tables...
16:26:52  INFO      src.etl.dimensions  Skipping dim_season (already loaded)
16:26:52  INFO      src.etl.dimensions  Skipping dim_team (already loaded)
16:26:52  INFO      src.etl.dimensions  Skipping dim_player static (already loaded)
16:26:52  INFO      ingest  Stage dimensions elapsed=0.00s
16:26:52  INFO      ingest  Checkpoint post-dimensions: etl_run_log status counts={'empty': 12, 'ok': 608} delta={'empty': 12, 'ok': 608} elapsed_since_previous=n/a
16:26:52  INFO      ingest  Checkpoint post-dimensions: table=dim_season row_count=80 delta=n/a previous=n/a
16:26:52  INFO      ingest  Checkpoint post-dimensions: table=dim_team row_count=30 delta=n/a previous=n/a
16:26:52  INFO      ingest  Checkpoint post-dimensions: table=dim_player row_count=5115 delta=n/a previous=n/a
16:26:52  INFO      ingest  Checkpoint post-dimensions: etl_run_log tail (latest 8 rows)
16:26:52  INFO      ingest  Checkpoint post-dimensions: runlog id=699 table=dim_season season=- loader=dimensions.load_seasons.2021 status=ok row_count=0 started=2026-02-21T15:39:19.766609+00:00 finished=2026-02-21T15:39:19.766947+00:00
16:26:52  INFO      ingest  Checkpoint post-dimensions: runlog id=697 table=dim_season season=- loader=dimensions.load_seasons.2020 status=ok row_count=0 started=2026-02-21T15:39:12.297826+00:00 finished=2026-02-21T15:39:12.298096+00:00
16:26:52  INFO      ingest  Checkpoint post-dimensions: runlog id=695 table=dim_season season=- loader=dimensions.load_seasons.2019 status=ok row_count=0 started=2026-02-21T15:39:04.766816+00:00 finished=2026-02-21T15:39:04.767158+00:00
16:26:52  INFO      ingest  Checkpoint post-dimensions: runlog id=693 table=dim_season season=- loader=dimensions.load_seasons.2018 status=ok row_count=0 started=2026-02-21T15:38:57.272319+00:00 finished=2026-02-21T15:38:57.272580+00:00
16:26:52  INFO      ingest  Checkpoint post-dimensions: runlog id=691 table=dim_season season=- loader=dimensions.load_seasons.2017 status=ok row_count=0 started=2026-02-21T15:38:49.838663+00:00 finished=2026-02-21T15:38:49.838949+00:00
16:26:52  INFO      ingest  Checkpoint post-dimensions: runlog id=689 table=dim_season season=- loader=dimensions.load_seasons.2016 status=ok row_count=0 started=2026-02-21T15:38:42.549908+00:00 finished=2026-02-21T15:38:42.550236+00:00
16:26:52  INFO      ingest  Checkpoint post-dimensions: runlog id=687 table=dim_season season=- loader=dimensions.load_seasons.2015 status=ok row_count=0 started=2026-02-21T15:38:34.969501+00:00 finished=2026-02-21T15:38:34.969835+00:00
16:26:52  INFO      ingest  Checkpoint post-dimensions: runlog id=685 table=dim_season season=- loader=dimensions.load_seasons.2014 status=ok row_count=0 started=2026-02-21T15:38:27.473938+00:00 finished=2026-02-21T15:38:27.474205+00:00
16:26:52  INFO      ingest  Loading salary cap and player salaries...
16:26:52  INFO      src.etl.dimensions  Skipping dim_season (already loaded)
16:26:52  INFO      src.etl.salaries  dim_salary_cap: 41 rows upserted.
16:26:52  INFO      src.etl.dimensions  Skipping dim_season (already loaded)
16:26:52  INFO      src.etl.salaries  fact_salary (1946-47): team_map_source=fact_team_season teams=2
16:26:52  INFO      src.etl.salaries  fact_salary (1946-47): team_pages fetched=0 cached=2 candidate_rows=0 unmatched_names=0
16:26:52  WARNING   src.etl.salaries  fact_salary (1946-47): no rows to insert.
16:26:52  INFO      src.etl.dimensions  Skipping dim_season (already loaded)
16:26:52  INFO      src.etl.salaries  fact_salary (1947-48): team_map_source=fact_team_season teams=2
16:26:52  INFO      src.etl.salaries  fact_salary (1947-48): team_pages fetched=0 cached=2 candidate_rows=0 unmatched_names=0
16:26:52  WARNING   src.etl.salaries  fact_salary (1947-48): no rows to insert.
16:26:52  INFO      src.etl.dimensions  Skipping dim_season (already loaded)
16:26:52  INFO      src.etl.salaries  fact_salary (1948-49): team_map_source=fact_team_season teams=3
16:26:52  INFO      src.etl.salaries  fact_salary (1948-49): team_pages fetched=0 cached=3 candidate_rows=0 unmatched_names=0
16:26:52  WARNING   src.etl.salaries  fact_salary (1948-49): no rows to insert.
16:26:52  INFO      src.etl.dimensions  Skipping dim_season (already loaded)
16:26:52  INFO      src.etl.salaries  fact_salary (1949-50): team_map_source=fact_team_season teams=5
16:26:52  INFO      src.etl.salaries  fact_salary (1949-50): team_pages fetched=0 cached=5 candidate_rows=0 unmatched_names=0
16:26:52  WARNING   src.etl.salaries  fact_salary (1949-50): no rows to insert.
16:26:52  INFO      src.etl.dimensions  Skipping dim_season (already loaded)
16:26:52  INFO      src.etl.salaries  fact_salary (1950-51): team_map_source=fact_team_season teams=5
16:26:52  INFO      src.etl.salaries  fact_salary (1950-51): team_pages fetched=0 cached=5 candidate_rows=0 unmatched_names=0
16:26:52  WARNING   src.etl.salaries  fact_salary (1950-51): no rows to insert.
16:26:52  INFO      src.etl.dimensions  Skipping dim_season (already loaded)
16:26:52  INFO      src.etl.salaries  fact_salary (1951-52): team_map_source=fact_team_season teams=4
16:26:52  INFO      src.etl.salaries  fact_salary (1951-52): team_pages fetched=0 cached=4 candidate_rows=0 unmatched_names=0
16:26:52  WARNING   src.etl.salaries  fact_salary (1951-52): no rows to insert.
16:26:52  INFO      src.etl.dimensions  Skipping dim_season (already loaded)
16:26:52  INFO      src.etl.salaries  fact_salary (1952-53): team_map_source=fact_team_season teams=4
16:26:52  INFO      src.etl.salaries  fact_salary (1952-53): team_pages fetched=0 cached=4 candidate_rows=0 unmatched_names=0
16:26:52  WARNING   src.etl.salaries  fact_salary (1952-53): no rows to insert.
16:26:52  INFO      src.etl.dimensions  Skipping dim_season (already loaded)
16:26:52  INFO      src.etl.salaries  fact_salary (1953-54): team_map_source=fact_team_season teams=4
16:26:52  INFO      src.etl.salaries  fact_salary (1953-54): team_pages fetched=0 cached=4 candidate_rows=0 unmatched_names=0
16:26:52  WARNING   src.etl.salaries  fact_salary (1953-54): no rows to insert.
16:26:52  INFO      src.etl.dimensions  Skipping dim_season (already loaded)
16:26:52  INFO      src.etl.salaries  fact_salary (1954-55): team_map_source=fact_team_season teams=4
16:26:52  INFO      src.etl.salaries  fact_salary (1954-55): team_pages fetched=0 cached=4 candidate_rows=0 unmatched_names=0
16:26:52  WARNING   src.etl.salaries  fact_salary (1954-55): no rows to insert.
16:26:52  INFO      src.etl.dimensions  Skipping dim_season (already loaded)
16:26:52  INFO      src.etl.salaries  fact_salary (1955-56): team_map_source=fact_team_season teams=5
16:26:52  INFO      src.etl.salaries  fact_salary (1955-56): team_pages fetched=0 cached=5 candidate_rows=0 unmatched_names=0
16:26:52  WARNING   src.etl.salaries  fact_salary (1955-56): no rows to insert.
16:26:52  INFO      src.etl.dimensions  Skipping dim_season (already loaded)
16:26:52  INFO      src.etl.salaries  fact_salary (1956-57): team_map_source=fact_team_season teams=5
16:26:52  INFO      src.etl.salaries  fact_salary (1956-57): team_pages fetched=0 cached=5 candidate_rows=0 unmatched_names=0
16:26:52  WARNING   src.etl.salaries  fact_salary (1956-57): no rows to insert.
16:26:52  INFO      src.etl.dimensions  Skipping dim_season (already loaded)
16:26:52  INFO      src.etl.salaries  fact_salary (1957-58): team_map_source=fact_team_season teams=6
16:26:52  INFO      src.etl.salaries  fact_salary (1957-58): team_pages fetched=0 cached=6 candidate_rows=0 unmatched_names=0
16:26:52  WARNING   src.etl.salaries  fact_salary (1957-58): no rows to insert.
16:26:52  INFO      src.etl.dimensions  Skipping dim_season (already loaded)
16:26:52  INFO      src.etl.salaries  fact_salary (1958-59): team_map_source=fact_team_season teams=6
16:26:52  INFO      src.etl.salaries  fact_salary (1958-59): team_pages fetched=0 cached=6 candidate_rows=0 unmatched_names=0
16:26:52  WARNING   src.etl.salaries  fact_salary (1958-59): no rows to insert.
16:26:52  INFO      src.etl.dimensions  Skipping dim_season (already loaded)
16:26:52  INFO      src.etl.salaries  fact_salary (1959-60): team_map_source=fact_team_season teams=6
16:26:52  INFO      src.etl.salaries  fact_salary (1959-60): team_pages fetched=0 cached=6 candidate_rows=0 unmatched_names=0
16:26:52  WARNING   src.etl.salaries  fact_salary (1959-60): no rows to insert.
16:26:52  INFO      src.etl.dimensions  Skipping dim_season (already loaded)
16:26:52  INFO      src.etl.salaries  fact_salary (1960-61): team_map_source=fact_team_season teams=7
16:26:52  WARNING   src.etl.salaries  fact_salary (1960-61): stopping early due rate-limit url=https://www.basketball-reference.com/teams/NYK/1961.html retry_after=2052s max_allowed=300s
16:26:52  INFO      src.etl.salaries  fact_salary (1960-61): team_pages fetched=0 cached=4 candidate_rows=0 unmatched_names=0
16:26:52  INFO      src.etl.dimensions  Skipping dim_season (already loaded)
16:26:52  INFO      src.etl.salaries  fact_salary (1961-62): team_map_source=fact_team_season teams=7
16:26:53  WARNING   src.etl.salaries  fact_salary (1961-62): stopping early due rate-limit url=https://www.basketball-reference.com/teams/DET/1962.html retry_after=2052s max_allowed=300s
16:26:53  INFO      src.etl.salaries  fact_salary (1961-62): team_pages fetched=0 cached=2 candidate_rows=0 unmatched_names=0
16:26:53  INFO      src.etl.dimensions  Skipping dim_season (already loaded)
16:26:53  INFO      src.etl.salaries  fact_salary (1962-63): team_map_source=fact_team_season teams=7
16:26:53  WARNING   src.etl.salaries  fact_salary (1962-63): stopping early due rate-limit url=https://www.basketball-reference.com/teams/BOS/1963.html retry_after=2052s max_allowed=300s
16:26:53  INFO      src.etl.salaries  fact_salary (1962-63): team_pages fetched=0 cached=0 candidate_rows=0 unmatched_names=0
16:26:53  INFO      src.etl.dimensions  Skipping dim_season (already loaded)
16:26:53  INFO      src.etl.salaries  fact_salary (1963-64): team_map_source=fact_team_season teams=8
16:26:53  WARNING   src.etl.salaries  fact_salary (1963-64): stopping early due rate-limit url=https://www.basketball-reference.com/teams/BAL/1964.html retry_after=2052s max_allowed=300s
16:26:53  INFO      src.etl.salaries  fact_salary (1963-64): team_pages fetched=0 cached=0 candidate_rows=0 unmatched_names=0
16:26:53  INFO      src.etl.dimensions  Skipping dim_season (already loaded)
16:26:53  INFO      src.etl.salaries  fact_salary (1964-65): team_map_source=fact_team_season teams=8
16:26:53  WARNING   src.etl.salaries  fact_salary (1964-65): stopping early due rate-limit url=https://www.basketball-reference.com/teams/BAL/1965.html retry_after=2052s max_allowed=300s
16:26:53  INFO      src.etl.salaries  fact_salary (1964-65): team_pages fetched=0 cached=0 candidate_rows=0 unmatched_names=0
16:26:53  INFO      src.etl.dimensions  Skipping dim_season (already loaded)
16:26:53  INFO      src.etl.salaries  fact_salary (1965-66): team_map_source=fact_team_season teams=8
16:26:53  WARNING   src.etl.salaries  fact_salary (1965-66): stopping early due rate-limit url=https://www.basketball-reference.com/teams/BAL/1966.html retry_after=2052s max_allowed=300s
16:26:53  INFO      src.etl.salaries  fact_salary (1965-66): team_pages fetched=0 cached=0 candidate_rows=0 unmatched_names=0
16:26:53  INFO      src.etl.dimensions  Skipping dim_season (already loaded)
16:26:53  INFO      src.etl.salaries  fact_salary (1966-67): team_map_source=fact_team_season teams=9
16:26:53  WARNING   src.etl.salaries  fact_salary (1966-67): stopping early due rate-limit url=https://www.basketball-reference.com/teams/BAL/1967.html retry_after=2052s max_allowed=300s
16:26:53  INFO      src.etl.salaries  fact_salary (1966-67): team_pages fetched=0 cached=0 candidate_rows=0 unmatched_names=0
16:26:53  INFO      src.etl.dimensions  Skipping dim_season (already loaded)
16:26:53  INFO      src.etl.salaries  fact_salary (1967-68): team_map_source=fact_team_season teams=10
16:26:53  WARNING   src.etl.salaries  fact_salary (1967-68): stopping early due rate-limit url=https://www.basketball-reference.com/teams/BAL/1968.html retry_after=2052s max_allowed=300s
16:26:53  INFO      src.etl.salaries  fact_salary (1967-68): team_pages fetched=0 cached=0 candidate_rows=0 unmatched_names=0
16:26:53  INFO      src.etl.dimensions  Skipping dim_season (already loaded)
16:26:53  INFO      src.etl.salaries  fact_salary (1968-69): team_map_source=fact_team_season teams=11
16:26:53  WARNING   src.etl.salaries  fact_salary (1968-69): stopping early due rate-limit url=https://www.basketball-reference.com/teams/ATL/1969.html retry_after=2051s max_allowed=300s
16:26:53  INFO      src.etl.salaries  fact_salary (1968-69): team_pages fetched=0 cached=0 candidate_rows=0 unmatched_names=0
16:26:53  INFO      src.etl.dimensions  Skipping dim_season (already loaded)
16:26:53  INFO      src.etl.salaries  fact_salary (1969-70): team_map_source=fact_team_season teams=11
16:26:53  WARNING   src.etl.salaries  fact_salary (1969-70): stopping early due rate-limit url=https://www.basketball-reference.com/teams/ATL/1970.html retry_after=2051s max_allowed=300s
16:26:53  INFO      src.etl.salaries  fact_salary (1969-70): team_pages fetched=0 cached=0 candidate_rows=0 unmatched_names=0
16:26:53  INFO      src.etl.dimensions  Skipping dim_season (already loaded)
16:26:53  INFO      src.etl.salaries  fact_salary (1970-71): team_map_source=fact_team_season teams=14
16:26:53  WARNING   src.etl.salaries  fact_salary (1970-71): stopping early due rate-limit url=https://www.basketball-reference.com/teams/ATL/1971.html retry_after=2051s max_allowed=300s
16:26:53  INFO      src.etl.salaries  fact_salary (1970-71): team_pages fetched=0 cached=0 candidate_rows=0 unmatched_names=0
16:26:53  INFO      src.etl.dimensions  Skipping dim_season (already loaded)
16:26:53  INFO      src.etl.salaries  fact_salary (1971-72): team_map_source=fact_team_season teams=16
16:26:53  WARNING   src.etl.salaries  fact_salary (1971-72): stopping early due rate-limit url=https://www.basketball-reference.com/teams/ATL/1972.html retry_after=2051s max_allowed=300s
16:26:53  INFO      src.etl.salaries  fact_salary (1971-72): team_pages fetched=0 cached=0 candidate_rows=0 unmatched_names=0
16:26:53  INFO      src.etl.dimensions  Skipping dim_season (already loaded)
16:26:53  INFO      src.etl.salaries  fact_salary (1972-73): team_map_source=fact_team_season teams=16
16:26:54  WARNING   src.etl.salaries  fact_salary (1972-73): stopping early due rate-limit url=https://www.basketball-reference.com/teams/ATL/1973.html retry_after=2051s max_allowed=300s
16:26:54  INFO      src.etl.salaries  fact_salary (1972-73): team_pages fetched=0 cached=0 candidate_rows=0 unmatched_names=0
16:26:54  INFO      src.etl.dimensions  Skipping dim_season (already loaded)
16:26:54  INFO      src.etl.salaries  fact_salary (1973-74): team_map_source=fact_team_season teams=16
16:26:54  WARNING   src.etl.salaries  fact_salary (1973-74): stopping early due rate-limit url=https://www.basketball-reference.com/teams/ATL/1974.html retry_after=2051s max_allowed=300s
16:26:54  INFO      src.etl.salaries  fact_salary (1973-74): team_pages fetched=0 cached=0 candidate_rows=0 unmatched_names=0
16:26:54  INFO      src.etl.dimensions  Skipping dim_season (already loaded)
16:26:54  INFO      src.etl.salaries  fact_salary (1974-75): team_map_source=fact_team_season teams=15
16:26:54  WARNING   src.etl.salaries  fact_salary (1974-75): stopping early due rate-limit url=https://www.basketball-reference.com/teams/ATL/1975.html retry_after=2051s max_allowed=300s
16:26:54  INFO      src.etl.salaries  fact_salary (1974-75): team_pages fetched=0 cached=0 candidate_rows=0 unmatched_names=0
16:26:54  INFO      src.etl.dimensions  Skipping dim_season (already loaded)
16:26:54  INFO      src.etl.salaries  fact_salary (1975-76): team_map_source=fact_team_season teams=14
16:26:54  WARNING   src.etl.salaries  fact_salary (1975-76): stopping early due rate-limit url=https://www.basketball-reference.com/teams/ATL/1976.html retry_after=2051s max_allowed=300s
16:26:54  INFO      src.etl.salaries  fact_salary (1975-76): team_pages fetched=0 cached=0 candidate_rows=0 unmatched_names=0
16:26:54  INFO      src.etl.dimensions  Skipping dim_season (already loaded)
16:26:54  WARNING   src.etl.salaries  fact_team_season duplicate bref_abbrev mapping season=1976-77 bref_abbrev=NYK team_ids=1610612751/1610612752; using first
16:26:54  INFO      src.etl.salaries  fact_salary (1976-77): team_map_source=fact_team_season teams=16
16:26:54  WARNING   src.etl.salaries  fact_salary (1976-77): stopping early due rate-limit url=https://www.basketball-reference.com/teams/ATL/1977.html retry_after=2051s max_allowed=300s
16:26:54  INFO      src.etl.salaries  fact_salary (1976-77): team_pages fetched=0 cached=0 candidate_rows=0 unmatched_names=0
16:26:54  INFO      src.etl.dimensions  Skipping dim_season (already loaded)
16:26:54  INFO      src.etl.salaries  fact_salary (1977-78): team_map_source=fact_team_season teams=16
16:26:54  WARNING   src.etl.salaries  fact_salary (1977-78): stopping early due rate-limit url=https://www.basketball-reference.com/teams/ATL/1978.html retry_after=2051s max_allowed=300s
16:26:54  INFO      src.etl.salaries  fact_salary (1977-78): team_pages fetched=0 cached=0 candidate_rows=0 unmatched_names=0
16:26:54  INFO      src.etl.dimensions  Skipping dim_season (already loaded)
16:26:54  INFO      src.etl.salaries  fact_salary (1978-79): team_map_source=fact_team_season teams=16
16:26:54  WARNING   src.etl.salaries  fact_salary (1978-79): stopping early due rate-limit url=https://www.basketball-reference.com/teams/ATL/1979.html retry_after=2051s max_allowed=300s
16:26:54  INFO      src.etl.salaries  fact_salary (1978-79): team_pages fetched=0 cached=0 candidate_rows=0 unmatched_names=0
16:26:54  INFO      src.etl.dimensions  Skipping dim_season (already loaded)
16:26:54  INFO      src.etl.salaries  fact_salary (1979-80): team_map_source=fact_team_season teams=17
16:26:54  WARNING   src.etl.salaries  fact_salary (1979-80): stopping early due rate-limit url=https://www.basketball-reference.com/teams/ATL/1980.html retry_after=2050s max_allowed=300s
16:26:54  INFO      src.etl.salaries  fact_salary (1979-80): team_pages fetched=0 cached=0 candidate_rows=0 unmatched_names=0
16:26:54  INFO      src.etl.dimensions  Skipping dim_season (already loaded)
16:26:54  INFO      src.etl.salaries  fact_salary (1980-81): team_map_source=fact_team_season teams=18
16:26:54  WARNING   src.etl.salaries  fact_salary (1980-81): stopping early due rate-limit url=https://www.basketball-reference.com/teams/ATL/1981.html retry_after=2050s max_allowed=300s
16:26:54  INFO      src.etl.salaries  fact_salary (1980-81): team_pages fetched=0 cached=0 candidate_rows=0 unmatched_names=0
16:26:54  INFO      src.etl.dimensions  Skipping dim_season (already loaded)
16:26:54  INFO      src.etl.salaries  fact_salary (1981-82): team_map_source=fact_team_season teams=18
16:26:54  WARNING   src.etl.salaries  fact_salary (1981-82): stopping early due rate-limit url=https://www.basketball-reference.com/teams/ATL/1982.html retry_after=2050s max_allowed=300s
16:26:54  INFO      src.etl.salaries  fact_salary (1981-82): team_pages fetched=0 cached=0 candidate_rows=0 unmatched_names=0
16:26:54  INFO      src.etl.dimensions  Skipping dim_season (already loaded)
16:26:54  INFO      src.etl.salaries  fact_salary (1982-83): team_map_source=fact_team_season teams=18
16:26:54  WARNING   src.etl.salaries  fact_salary (1982-83): stopping early due rate-limit url=https://www.basketball-reference.com/teams/ATL/1983.html retry_after=2050s max_allowed=300s
16:26:54  INFO      src.etl.salaries  fact_salary (1982-83): team_pages fetched=0 cached=0 candidate_rows=0 unmatched_names=0
16:26:54  INFO      src.etl.dimensions  Skipping dim_season (already loaded)
16:26:54  INFO      src.etl.salaries  fact_salary (1983-84): team_map_source=fact_team_season teams=18
16:26:55  WARNING   src.etl.salaries  fact_salary (1983-84): stopping early due rate-limit url=https://www.basketball-reference.com/teams/ATL/1984.html retry_after=2050s max_allowed=300s
16:26:55  INFO      src.etl.salaries  fact_salary (1983-84): team_pages fetched=0 cached=0 candidate_rows=0 unmatched_names=0
16:26:55  INFO      src.etl.dimensions  Skipping dim_season (already loaded)
16:26:55  INFO      src.etl.salaries  fact_salary (1984-85): team_map_source=fact_team_season teams=18
16:26:55  WARNING   src.etl.salaries  fact_salary (1984-85): stopping early due rate-limit url=https://www.basketball-reference.com/teams/ATL/1985.html retry_after=2050s max_allowed=300s
16:26:55  INFO      src.etl.salaries  fact_salary (1984-85): team_pages fetched=0 cached=0 candidate_rows=0 unmatched_names=0
16:26:55  INFO      src.etl.dimensions  Skipping dim_season (already loaded)
16:26:55  INFO      src.etl.salaries  fact_salary (1985-86): team_map_source=fact_team_season teams=19
16:26:55  WARNING   src.etl.salaries  fact_salary (1985-86): stopping early due rate-limit url=https://www.basketball-reference.com/teams/ATL/1986.html retry_after=2050s max_allowed=300s
16:26:55  INFO      src.etl.salaries  fact_salary (1985-86): team_pages fetched=0 cached=0 candidate_rows=0 unmatched_names=0
16:26:55  INFO      src.etl.dimensions  Skipping dim_season (already loaded)
16:26:55  INFO      src.etl.salaries  fact_salary (1986-87): team_map_source=fact_team_season teams=19
16:26:55  WARNING   src.etl.salaries  fact_salary (1986-87): stopping early due rate-limit url=https://www.basketball-reference.com/teams/ATL/1987.html retry_after=2050s max_allowed=300s
16:26:55  INFO      src.etl.salaries  fact_salary (1986-87): team_pages fetched=0 cached=0 candidate_rows=0 unmatched_names=0
16:26:55  INFO      src.etl.dimensions  Skipping dim_season (already loaded)
16:26:55  INFO      src.etl.salaries  fact_salary (1987-88): team_map_source=fact_team_season teams=19
16:26:55  WARNING   src.etl.salaries  fact_salary (1987-88): stopping early due rate-limit url=https://www.basketball-reference.com/teams/ATL/1988.html retry_after=2050s max_allowed=300s
16:26:55  INFO      src.etl.salaries  fact_salary (1987-88): team_pages fetched=0 cached=0 candidate_rows=0 unmatched_names=0
16:26:55  INFO      src.etl.dimensions  Skipping dim_season (already loaded)
16:26:55  INFO      src.etl.salaries  fact_salary (1988-89): team_map_source=fact_team_season teams=20
16:26:55  WARNING   src.etl.salaries  fact_salary (1988-89): stopping early due rate-limit url=https://www.basketball-reference.com/teams/ATL/1989.html retry_after=2050s max_allowed=300s
16:26:55  INFO      src.etl.salaries  fact_salary (1988-89): team_pages fetched=0 cached=0 candidate_rows=0 unmatched_names=0
16:26:55  INFO      src.etl.dimensions  Skipping dim_season (already loaded)
16:26:55  INFO      src.etl.salaries  fact_salary (1989-90): team_map_source=fact_team_season teams=22
16:26:55  WARNING   src.etl.salaries  fact_salary (1989-90): stopping early due rate-limit url=https://www.basketball-reference.com/teams/ATL/1990.html retry_after=2050s max_allowed=300s
16:26:55  INFO      src.etl.salaries  fact_salary (1989-90): team_pages fetched=0 cached=0 candidate_rows=0 unmatched_names=0
16:26:55  INFO      src.etl.dimensions  Skipping dim_season (already loaded)
16:26:55  INFO      src.etl.salaries  fact_salary (1990-91): team_map_source=fact_team_season teams=22
16:26:55  WARNING   src.etl.salaries  fact_salary (1990-91): stopping early due rate-limit url=https://www.basketball-reference.com/teams/ATL/1991.html retry_after=2049s max_allowed=300s
16:26:55  INFO      src.etl.salaries  fact_salary (1990-91): team_pages fetched=0 cached=0 candidate_rows=0 unmatched_names=0
16:26:55  INFO      src.etl.dimensions  Skipping dim_season (already loaded)
16:26:55  INFO      src.etl.salaries  fact_salary (1991-92): team_map_source=fact_team_season teams=22
16:26:55  WARNING   src.etl.salaries  fact_salary (1991-92): stopping early due rate-limit url=https://www.basketball-reference.com/teams/ATL/1992.html retry_after=2049s max_allowed=300s
16:26:55  INFO      src.etl.salaries  fact_salary (1991-92): team_pages fetched=0 cached=0 candidate_rows=0 unmatched_names=0
16:26:55  INFO      src.etl.dimensions  Skipping dim_season (already loaded)
16:26:55  INFO      src.etl.salaries  fact_salary (1992-93): team_map_source=fact_team_season teams=22
16:26:55  WARNING   src.etl.salaries  fact_salary (1992-93): stopping early due rate-limit url=https://www.basketball-reference.com/teams/ATL/1993.html retry_after=2049s max_allowed=300s
16:26:55  INFO      src.etl.salaries  fact_salary (1992-93): team_pages fetched=0 cached=0 candidate_rows=0 unmatched_names=0
16:26:55  INFO      src.etl.dimensions  Skipping dim_season (already loaded)
16:26:55  INFO      src.etl.salaries  fact_salary (1993-94): team_map_source=fact_team_season teams=22
16:26:55  WARNING   src.etl.salaries  fact_salary (1993-94): stopping early due rate-limit url=https://www.basketball-reference.com/teams/ATL/1994.html retry_after=2049s max_allowed=300s
16:26:55  INFO      src.etl.salaries  fact_salary (1993-94): team_pages fetched=0 cached=0 candidate_rows=0 unmatched_names=0
16:26:55  INFO      src.etl.dimensions  Skipping dim_season (already loaded)
16:26:55  INFO      src.etl.salaries  fact_salary (1994-95): team_map_source=fact_team_season teams=22
16:26:56  WARNING   src.etl.salaries  fact_salary (1994-95): stopping early due rate-limit url=https://www.basketball-reference.com/teams/ATL/1995.html retry_after=2049s max_allowed=300s
16:26:56  INFO      src.etl.salaries  fact_salary (1994-95): team_pages fetched=0 cached=0 candidate_rows=0 unmatched_names=0
16:26:56  INFO      src.etl.dimensions  Skipping dim_season (already loaded)
16:26:56  INFO      src.etl.salaries  fact_salary (1995-96): team_map_source=fact_team_season teams=24
16:26:56  WARNING   src.etl.salaries  fact_salary (1995-96): stopping early due rate-limit url=https://www.basketball-reference.com/teams/ATL/1996.html retry_after=2049s max_allowed=300s
16:26:56  INFO      src.etl.salaries  fact_salary (1995-96): team_pages fetched=0 cached=0 candidate_rows=0 unmatched_names=0
16:26:56  INFO      src.etl.dimensions  Skipping dim_season (already loaded)
16:26:56  INFO      src.etl.salaries  fact_salary (1996-97): team_map_source=fact_team_season teams=24
16:26:56  WARNING   src.etl.salaries  fact_salary (1996-97): stopping early due rate-limit url=https://www.basketball-reference.com/teams/ATL/1997.html retry_after=2049s max_allowed=300s
16:26:56  INFO      src.etl.salaries  fact_salary (1996-97): team_pages fetched=0 cached=0 candidate_rows=0 unmatched_names=0
16:26:56  INFO      src.etl.dimensions  Skipping dim_season (already loaded)
16:26:56  INFO      src.etl.salaries  fact_salary (1997-98): team_map_source=fact_team_season teams=25
16:26:56  WARNING   src.etl.salaries  fact_salary (1997-98): stopping early due rate-limit url=https://www.basketball-reference.com/teams/ATL/1998.html retry_after=2049s max_allowed=300s
16:26:56  INFO      src.etl.salaries  fact_salary (1997-98): team_pages fetched=0 cached=0 candidate_rows=0 unmatched_names=0
16:26:56  INFO      src.etl.dimensions  Skipping dim_season (already loaded)
16:26:56  INFO      src.etl.salaries  fact_salary (1998-99): team_map_source=fact_team_season teams=25
16:26:56  WARNING   src.etl.salaries  fact_salary (1998-99): stopping early due rate-limit url=https://www.basketball-reference.com/teams/ATL/1999.html retry_after=2049s max_allowed=300s
16:26:56  INFO      src.etl.salaries  fact_salary (1998-99): team_pages fetched=0 cached=0 candidate_rows=0 unmatched_names=0
16:26:56  INFO      src.etl.dimensions  Skipping dim_season (already loaded)
16:26:56  INFO      src.etl.salaries  fact_salary (1999-00): team_map_source=fact_team_season teams=25
16:26:56  WARNING   src.etl.salaries  fact_salary (1999-00): stopping early due rate-limit url=https://www.basketball-reference.com/teams/ATL/2000.html retry_after=2049s max_allowed=300s
16:26:56  INFO      src.etl.salaries  fact_salary (1999-00): team_pages fetched=0 cached=0 candidate_rows=0 unmatched_names=0
16:26:56  INFO      src.etl.dimensions  Skipping dim_season (already loaded)
16:26:56  INFO      src.etl.salaries  fact_salary (2000-01): team_map_source=fact_team_season teams=25
16:26:56  WARNING   src.etl.salaries  fact_salary (2000-01): stopping early due rate-limit url=https://www.basketball-reference.com/teams/DET/2001.html retry_after=2049s max_allowed=300s
16:26:56  INFO      src.etl.salaries  fact_salary (2000-01): team_pages fetched=0 cached=6 candidate_rows=98 unmatched_names=1
16:26:56  INFO      src.etl.salaries  fact_salary (2000-01): 98 rows upserted.
16:26:56  INFO      src.etl.dimensions  Skipping dim_season (already loaded)
16:26:56  INFO      src.etl.salaries  fact_salary (2001-02): team_map_source=fact_team_season teams=25
16:26:56  WARNING   src.etl.salaries  fact_salary (2001-02): stopping early due rate-limit url=https://www.basketball-reference.com/teams/ATL/2002.html retry_after=2048s max_allowed=300s
16:26:56  INFO      src.etl.salaries  fact_salary (2001-02): team_pages fetched=0 cached=0 candidate_rows=0 unmatched_names=0
16:26:56  INFO      src.etl.dimensions  Skipping dim_season (already loaded)
16:26:56  INFO      src.etl.salaries  fact_salary (2002-03): team_map_source=fact_team_season teams=26
16:26:56  WARNING   src.etl.salaries  fact_salary (2002-03): stopping early due rate-limit url=https://www.basketball-reference.com/teams/ATL/2003.html retry_after=2048s max_allowed=300s
16:26:56  INFO      src.etl.salaries  fact_salary (2002-03): team_pages fetched=0 cached=0 candidate_rows=0 unmatched_names=0
16:26:56  INFO      src.etl.dimensions  Skipping dim_season (already loaded)
16:26:56  INFO      src.etl.salaries  fact_salary (2003-04): team_map_source=fact_team_season teams=26
16:26:56  WARNING   src.etl.salaries  fact_salary (2003-04): stopping early due rate-limit url=https://www.basketball-reference.com/teams/ATL/2004.html retry_after=2048s max_allowed=300s
16:26:56  INFO      src.etl.salaries  fact_salary (2003-04): team_pages fetched=0 cached=0 candidate_rows=0 unmatched_names=0
16:26:56  INFO      src.etl.dimensions  Skipping dim_season (already loaded)
16:26:56  INFO      src.etl.salaries  fact_salary (2004-05): team_map_source=fact_team_season teams=27
16:26:56  WARNING   src.etl.salaries  fact_salary (2004-05): stopping early due rate-limit url=https://www.basketball-reference.com/teams/ATL/2005.html retry_after=2048s max_allowed=300s
16:26:56  INFO      src.etl.salaries  fact_salary (2004-05): team_pages fetched=0 cached=0 candidate_rows=0 unmatched_names=0
16:26:56  INFO      src.etl.dimensions  Skipping dim_season (already loaded)
16:26:56  INFO      src.etl.salaries  fact_salary (2005-06): team_map_source=fact_team_season teams=27
16:26:57  WARNING   src.etl.salaries  fact_salary (2005-06): stopping early due rate-limit url=https://www.basketball-reference.com/teams/ATL/2006.html retry_after=2048s max_allowed=300s
16:26:57  INFO      src.etl.salaries  fact_salary (2005-06): team_pages fetched=0 cached=0 candidate_rows=0 unmatched_names=0
16:26:57  INFO      src.etl.dimensions  Skipping dim_season (already loaded)
16:26:57  INFO      src.etl.salaries  fact_salary (2006-07): team_map_source=fact_team_season teams=27
16:26:57  WARNING   src.etl.salaries  fact_salary (2006-07): stopping early due rate-limit url=https://www.basketball-reference.com/teams/ATL/2007.html retry_after=2048s max_allowed=300s
16:26:57  INFO      src.etl.salaries  fact_salary (2006-07): team_pages fetched=0 cached=0 candidate_rows=0 unmatched_names=0
16:26:57  INFO      src.etl.dimensions  Skipping dim_season (already loaded)
16:26:57  INFO      src.etl.salaries  fact_salary (2007-08): team_map_source=fact_team_season teams=27
16:26:57  WARNING   src.etl.salaries  fact_salary (2007-08): stopping early due rate-limit url=https://www.basketball-reference.com/teams/ATL/2008.html retry_after=2048s max_allowed=300s
16:26:57  INFO      src.etl.salaries  fact_salary (2007-08): team_pages fetched=0 cached=0 candidate_rows=0 unmatched_names=0
16:26:57  INFO      src.etl.dimensions  Skipping dim_season (already loaded)
16:26:57  INFO      src.etl.salaries  fact_salary (2008-09): team_map_source=fact_team_season teams=27
16:26:57  WARNING   src.etl.salaries  fact_salary (2008-09): stopping early due rate-limit url=https://www.basketball-reference.com/teams/ATL/2009.html retry_after=2048s max_allowed=300s
16:26:57  INFO      src.etl.salaries  fact_salary (2008-09): team_pages fetched=0 cached=0 candidate_rows=0 unmatched_names=0
16:26:57  INFO      src.etl.dimensions  Skipping dim_season (already loaded)
16:26:57  INFO      src.etl.salaries  fact_salary (2009-10): team_map_source=fact_team_season teams=27
16:26:57  WARNING   src.etl.salaries  fact_salary (2009-10): stopping early due rate-limit url=https://www.basketball-reference.com/teams/ATL/2010.html retry_after=2048s max_allowed=300s
16:26:57  INFO      src.etl.salaries  fact_salary (2009-10): team_pages fetched=0 cached=0 candidate_rows=0 unmatched_names=0
16:26:57  INFO      src.etl.dimensions  Skipping dim_season (already loaded)
16:26:57  INFO      src.etl.salaries  fact_salary (2010-11): team_map_source=fact_team_season teams=27
16:26:57  INFO      src.etl.salaries  fact_salary (2010-11): team_pages fetched=0 cached=27 candidate_rows=411 unmatched_names=10
16:26:57  INFO      src.etl.salaries  fact_salary (2010-11): 411 rows upserted.
16:26:57  INFO      src.etl.dimensions  Skipping dim_season (already loaded)
16:26:57  INFO      src.etl.salaries  fact_salary (2011-12): team_map_source=fact_team_season teams=27
16:26:57  WARNING   src.etl.salaries  fact_salary (2011-12): stopping early due rate-limit url=https://www.basketball-reference.com/teams/ATL/2012.html retry_after=2047s max_allowed=300s
16:26:57  INFO      src.etl.salaries  fact_salary (2011-12): team_pages fetched=0 cached=0 candidate_rows=0 unmatched_names=0
16:26:57  INFO      src.etl.dimensions  Skipping dim_season (already loaded)
16:26:57  INFO      src.etl.salaries  fact_salary (2012-13): team_map_source=fact_team_season teams=27
16:26:57  WARNING   src.etl.salaries  fact_salary (2012-13): stopping early due rate-limit url=https://www.basketball-reference.com/teams/ATL/2013.html retry_after=2047s max_allowed=300s
16:26:57  INFO      src.etl.salaries  fact_salary (2012-13): team_pages fetched=0 cached=0 candidate_rows=0 unmatched_names=0
16:26:57  INFO      src.etl.dimensions  Skipping dim_season (already loaded)
16:26:57  INFO      src.etl.salaries  fact_salary (2013-14): team_map_source=fact_team_season teams=27
16:26:57  WARNING   src.etl.salaries  fact_salary (2013-14): stopping early due rate-limit url=https://www.basketball-reference.com/teams/ATL/2014.html retry_after=2047s max_allowed=300s
16:26:57  INFO      src.etl.salaries  fact_salary (2013-14): team_pages fetched=0 cached=0 candidate_rows=0 unmatched_names=0
16:26:57  INFO      src.etl.dimensions  Skipping dim_season (already loaded)
16:26:57  INFO      src.etl.salaries  fact_salary (2014-15): team_map_source=fact_team_season teams=26
16:26:57  WARNING   src.etl.salaries  fact_salary (2014-15): stopping early due rate-limit url=https://www.basketball-reference.com/teams/ATL/2015.html retry_after=2047s max_allowed=300s
16:26:57  INFO      src.etl.salaries  fact_salary (2014-15): team_pages fetched=0 cached=0 candidate_rows=0 unmatched_names=0
16:26:57  INFO      src.etl.dimensions  Skipping dim_season (already loaded)
16:26:57  INFO      src.etl.salaries  fact_salary (2015-16): team_map_source=fact_team_season teams=26
16:26:58  WARNING   src.etl.salaries  fact_salary (2015-16): stopping early due rate-limit url=https://www.basketball-reference.com/teams/ATL/2016.html retry_after=2047s max_allowed=300s
16:26:58  INFO      src.etl.salaries  fact_salary (2015-16): team_pages fetched=0 cached=0 candidate_rows=0 unmatched_names=0
16:26:58  INFO      src.etl.dimensions  Skipping dim_season (already loaded)
16:26:58  INFO      src.etl.salaries  fact_salary (2016-17): team_map_source=fact_team_season teams=26
16:26:58  WARNING   src.etl.salaries  fact_salary (2016-17): stopping early due rate-limit url=https://www.basketball-reference.com/teams/ATL/2017.html retry_after=2047s max_allowed=300s
16:26:58  INFO      src.etl.salaries  fact_salary (2016-17): team_pages fetched=0 cached=0 candidate_rows=0 unmatched_names=0
16:26:58  INFO      src.etl.dimensions  Skipping dim_season (already loaded)
16:26:58  INFO      src.etl.salaries  fact_salary (2017-18): team_map_source=fact_team_season teams=26
16:26:58  WARNING   src.etl.salaries  fact_salary (2017-18): stopping early due rate-limit url=https://www.basketball-reference.com/teams/ATL/2018.html retry_after=2047s max_allowed=300s
16:26:58  INFO      src.etl.salaries  fact_salary (2017-18): team_pages fetched=0 cached=0 candidate_rows=0 unmatched_names=0
16:26:58  INFO      src.etl.dimensions  Skipping dim_season (already loaded)
16:26:58  INFO      src.etl.salaries  fact_salary (2018-19): team_map_source=fact_team_season teams=26
16:26:58  WARNING   src.etl.salaries  fact_salary (2018-19): stopping early due rate-limit url=https://www.basketball-reference.com/teams/ATL/2019.html retry_after=2047s max_allowed=300s
16:26:58  INFO      src.etl.salaries  fact_salary (2018-19): team_pages fetched=0 cached=0 candidate_rows=0 unmatched_names=0
16:26:58  INFO      src.etl.dimensions  Skipping dim_season (already loaded)
16:26:58  INFO      src.etl.salaries  fact_salary (2019-20): team_map_source=fact_team_season teams=26
16:26:58  WARNING   src.etl.salaries  fact_salary (2019-20): stopping early due rate-limit url=https://www.basketball-reference.com/teams/ATL/2020.html retry_after=2047s max_allowed=300s
16:26:58  INFO      src.etl.salaries  fact_salary (2019-20): team_pages fetched=0 cached=0 candidate_rows=0 unmatched_names=0
16:26:58  INFO      src.etl.dimensions  Skipping dim_season (already loaded)
16:26:58  INFO      src.etl.salaries  fact_salary (2020-21): team_map_source=fact_team_season teams=26
16:26:58  WARNING   src.etl.salaries  fact_salary (2020-21): stopping early due rate-limit url=https://www.basketball-reference.com/teams/ATL/2021.html retry_after=2047s max_allowed=300s
16:26:58  INFO      src.etl.salaries  fact_salary (2020-21): team_pages fetched=0 cached=0 candidate_rows=0 unmatched_names=0
16:26:58  INFO      src.etl.dimensions  Skipping dim_season (already loaded)
16:26:58  INFO      src.etl.salaries  fact_salary (2021-22): team_map_source=fact_team_season teams=26
16:26:58  WARNING   src.etl.salaries  fact_salary (2021-22): stopping early due rate-limit url=https://www.basketball-reference.com/teams/ATL/2022.html retry_after=2047s max_allowed=300s
16:26:58  INFO      src.etl.salaries  fact_salary (2021-22): team_pages fetched=0 cached=0 candidate_rows=0 unmatched_names=0
16:26:58  INFO      src.etl.dimensions  Skipping dim_season (already loaded)
16:26:58  INFO      src.etl.salaries  fact_salary (2022-23): team_map_source=fact_team_season teams=26
16:26:58  INFO      src.etl.salaries  fact_salary (2022-23): team_pages fetched=0 cached=26 candidate_rows=465 unmatched_names=27
16:26:58  INFO      src.etl.salaries  fact_salary (2022-23): 465 rows upserted.
16:26:58  INFO      src.etl.dimensions  Skipping dim_season (already loaded)
16:26:58  INFO      src.etl.salaries  fact_salary (2023-24): team_map_source=fact_team_season teams=26
16:26:58  INFO      src.etl.salaries  fact_salary (2023-24): team_pages fetched=0 cached=26 candidate_rows=473 unmatched_names=35
16:26:58  INFO      src.etl.salaries  fact_salary (2023-24): 473 rows upserted.
16:26:58  INFO      src.etl.dimensions  Skipping dim_season (already loaded)
16:26:58  INFO      src.etl.salaries  fact_salary (2024-25): team_map_source=fact_team_season teams=26
16:26:59  INFO      src.etl.salaries  fact_salary (2024-25): team_pages fetched=0 cached=26 candidate_rows=453 unmatched_names=28
16:26:59  INFO      src.etl.salaries  fact_salary (2024-25): 453 rows upserted.
16:26:59  INFO      src.etl.dimensions  Skipping dim_season (already loaded)
16:26:59  INFO      src.etl.salaries  fact_salary (2025-26): team_map_source=dim_team teams=30
16:26:59  INFO      src.etl.salaries  fact_salary (2025-26): team_pages fetched=0 cached=30 candidate_rows=457 unmatched_names=10
16:26:59  INFO      src.etl.salaries  fact_salary (2025-26): 457 rows upserted.
16:26:59  INFO      ingest  Stage salaries elapsed=6.98s
16:26:59  INFO      ingest  Checkpoint post-salaries: etl_run_log status counts={'empty': 12, 'ok': 627, 'partial_rate_limited': 1, 'rate_limited': 60} delta={'ok': 19, 'partial_rate_limited': 1, 'rate_limited': 60} elapsed_since_previous=6.98s
16:26:59  INFO      ingest  Checkpoint post-salaries: table=dim_salary_cap row_count=41 delta=n/a previous=n/a
16:26:59  INFO      ingest  Checkpoint post-salaries: table=fact_salary row_count=2292 delta=n/a previous=n/a
16:26:59  INFO      ingest  Checkpoint post-salaries: etl_run_log tail (latest 8 rows)
16:26:59  INFO      ingest  Checkpoint post-salaries: runlog id=779 table=fact_salary season=2025-26 loader=salaries.load_player_salaries.v2 status=ok row_count=457 started=2026-02-21T21:26:59.182862+00:00 finished=2026-02-21T21:26:59.391274+00:00
16:26:59  INFO      ingest  Checkpoint post-salaries: runlog id=778 table=fact_salary season=2024-25 loader=salaries.load_player_salaries.v2 status=ok row_count=453 started=2026-02-21T21:26:58.972142+00:00 finished=2026-02-21T21:26:59.182482+00:00
16:26:59  INFO      ingest  Checkpoint post-salaries: runlog id=777 table=fact_salary season=2023-24 loader=salaries.load_player_salaries.v2 status=ok row_count=473 started=2026-02-21T21:26:58.744589+00:00 finished=2026-02-21T21:26:58.971844+00:00
16:26:59  INFO      ingest  Checkpoint post-salaries: runlog id=776 table=fact_salary season=2022-23 loader=salaries.load_player_salaries.v2 status=ok row_count=465 started=2026-02-21T21:26:58.524721+00:00 finished=2026-02-21T21:26:58.743212+00:00
16:26:59  INFO      ingest  Checkpoint post-salaries: runlog id=775 table=fact_salary season=2021-22 loader=salaries.load_player_salaries.v2 status=rate_limited row_count=0 started=2026-02-21T21:26:58.444053+00:00 finished=2026-02-21T21:26:58.524557+00:00
16:26:59  INFO      ingest  Checkpoint post-salaries: runlog id=774 table=fact_salary season=2020-21 loader=salaries.load_player_salaries.v2 status=rate_limited row_count=0 started=2026-02-21T21:26:58.370900+00:00 finished=2026-02-21T21:26:58.443959+00:00
16:26:59  INFO      ingest  Checkpoint post-salaries: runlog id=773 table=fact_salary season=2019-20 loader=salaries.load_player_salaries.v2 status=rate_limited row_count=0 started=2026-02-21T21:26:58.278664+00:00 finished=2026-02-21T21:26:58.370760+00:00
16:26:59  INFO      ingest  Checkpoint post-salaries: runlog id=772 table=fact_salary season=2018-19 loader=salaries.load_player_salaries.v2 status=rate_limited row_count=0 started=2026-02-21T21:26:58.167328+00:00 finished=2026-02-21T21:26:58.278573+00:00
16:26:59  INFO      ingest  --dims-only set; skipping box scores.
16:26:59  INFO      ingest  Ingest total elapsed=6.99s
16:26:59  INFO      ingest  Ingest complete.
