15:58:26  INFO      ingest  Ingest arguments: seasons=['2010-11'] dims_only=True enrich_bio=False awards=False salaries=True rosters=False include_playoffs=False pbp_limit=0 skip_reconciliation=False reconciliation_warn_only=False raw_backfill=False raw_dir=None raw_backfill_fail_fast=False analytics_view=None analytics_limit=20 analytics_output=None analytics_only=False metrics=False metrics_summary=False metrics_export_endpoint=None log_level=INFO log_file=logs\ingest_salary_2010_11_v2_probe.log
15:58:26  INFO      ingest  Initialising database schema...
15:58:26  INFO      ingest  Loading dimension tables...
15:58:26  INFO      src.etl.dimensions  Skipping dim_season (already loaded)
15:58:26  INFO      src.etl.dimensions  Skipping dim_team (already loaded)
15:58:26  INFO      src.etl.dimensions  Skipping dim_player static (already loaded)
15:58:26  INFO      ingest  Stage dimensions elapsed=0.00s
15:58:26  INFO      ingest  Checkpoint post-dimensions: etl_run_log status counts={'empty': 12, 'ok': 688} delta={'empty': 12, 'ok': 688} elapsed_since_previous=n/a
15:58:26  INFO      ingest  Checkpoint post-dimensions: table=dim_season row_count=80 delta=n/a previous=n/a
15:58:26  INFO      ingest  Checkpoint post-dimensions: table=dim_team row_count=30 delta=n/a previous=n/a
15:58:26  INFO      ingest  Checkpoint post-dimensions: table=dim_player row_count=5115 delta=n/a previous=n/a
15:58:26  INFO      ingest  Checkpoint post-dimensions: etl_run_log tail (latest 12 rows)
15:58:26  INFO      ingest  Checkpoint post-dimensions: runlog id=700 table=fact_salary season=2021-22 loader=salaries.load_player_salaries status=ok row_count=0 started=2026-02-21T15:39:19.766530+00:00 finished=2026-02-21T15:39:25.185909+00:00
15:58:26  INFO      ingest  Checkpoint post-dimensions: runlog id=699 table=dim_season season=- loader=dimensions.load_seasons.2021 status=ok row_count=0 started=2026-02-21T15:39:19.766609+00:00 finished=2026-02-21T15:39:19.766947+00:00
15:58:26  INFO      ingest  Checkpoint post-dimensions: runlog id=698 table=fact_salary season=2020-21 loader=salaries.load_player_salaries status=ok row_count=0 started=2026-02-21T15:39:12.297765+00:00 finished=2026-02-21T15:39:17.766129+00:00
15:58:26  INFO      ingest  Checkpoint post-dimensions: runlog id=697 table=dim_season season=- loader=dimensions.load_seasons.2020 status=ok row_count=0 started=2026-02-21T15:39:12.297826+00:00 finished=2026-02-21T15:39:12.298096+00:00
15:58:26  INFO      ingest  Checkpoint post-dimensions: runlog id=696 table=fact_salary season=2019-20 loader=salaries.load_player_salaries status=ok row_count=0 started=2026-02-21T15:39:04.766744+00:00 finished=2026-02-21T15:39:10.296951+00:00
15:58:26  INFO      ingest  Checkpoint post-dimensions: runlog id=695 table=dim_season season=- loader=dimensions.load_seasons.2019 status=ok row_count=0 started=2026-02-21T15:39:04.766816+00:00 finished=2026-02-21T15:39:04.767158+00:00
15:58:26  INFO      ingest  Checkpoint post-dimensions: runlog id=694 table=fact_salary season=2018-19 loader=salaries.load_player_salaries status=ok row_count=0 started=2026-02-21T15:38:57.272255+00:00 finished=2026-02-21T15:39:02.765965+00:00
15:58:26  INFO      ingest  Checkpoint post-dimensions: runlog id=693 table=dim_season season=- loader=dimensions.load_seasons.2018 status=ok row_count=0 started=2026-02-21T15:38:57.272319+00:00 finished=2026-02-21T15:38:57.272580+00:00
15:58:26  INFO      ingest  Checkpoint post-dimensions: runlog id=692 table=fact_salary season=2017-18 loader=salaries.load_player_salaries status=ok row_count=0 started=2026-02-21T15:38:49.838594+00:00 finished=2026-02-21T15:38:55.271793+00:00
15:58:26  INFO      ingest  Checkpoint post-dimensions: runlog id=691 table=dim_season season=- loader=dimensions.load_seasons.2017 status=ok row_count=0 started=2026-02-21T15:38:49.838663+00:00 finished=2026-02-21T15:38:49.838949+00:00
15:58:26  INFO      ingest  Checkpoint post-dimensions: runlog id=690 table=fact_salary season=2016-17 loader=salaries.load_player_salaries status=ok row_count=0 started=2026-02-21T15:38:42.549835+00:00 finished=2026-02-21T15:38:47.837806+00:00
15:58:26  INFO      ingest  Checkpoint post-dimensions: runlog id=689 table=dim_season season=- loader=dimensions.load_seasons.2016 status=ok row_count=0 started=2026-02-21T15:38:42.549908+00:00 finished=2026-02-21T15:38:42.550236+00:00
15:58:26  INFO      ingest  Loading salary cap and player salaries...
15:58:26  INFO      src.etl.dimensions  Skipping dim_season (already loaded)
15:58:26  INFO      src.etl.salaries  dim_salary_cap: 41 rows upserted.
15:58:26  INFO      src.etl.dimensions  Skipping dim_season (already loaded)
15:58:26  INFO      src.etl.salaries  fact_salary (2010-11): team_map_source=fact_team_season teams=27
15:58:56  INFO      src.etl.salaries  fact_salary (2010-11): team_pages fetched=27 cached=0 candidate_rows=411 unmatched_names=10
15:58:56  INFO      src.etl.salaries  fact_salary (2010-11): 411 rows upserted.
15:58:58  INFO      ingest  Stage salaries elapsed=32.39s
15:58:58  INFO      ingest  Checkpoint post-salaries: etl_run_log status counts={'empty': 12, 'ok': 689} delta={'ok': 1} elapsed_since_previous=32.39s
15:58:58  INFO      ingest  Checkpoint post-salaries: table=dim_salary_cap row_count=41 delta=n/a previous=n/a
15:58:58  INFO      ingest  Checkpoint post-salaries: table=fact_salary row_count=2743 delta=n/a previous=n/a
15:58:58  INFO      ingest  Checkpoint post-salaries: etl_run_log tail (latest 12 rows)
15:58:58  INFO      ingest  Checkpoint post-salaries: runlog id=701 table=fact_salary season=2010-11 loader=salaries.load_player_salaries.v2 status=ok row_count=411 started=2026-02-21T20:58:26.577743+00:00 finished=2026-02-21T20:58:56.961169+00:00
15:58:58  INFO      ingest  Checkpoint post-salaries: runlog id=700 table=fact_salary season=2021-22 loader=salaries.load_player_salaries status=ok row_count=0 started=2026-02-21T15:39:19.766530+00:00 finished=2026-02-21T15:39:25.185909+00:00
15:58:58  INFO      ingest  Checkpoint post-salaries: runlog id=699 table=dim_season season=- loader=dimensions.load_seasons.2021 status=ok row_count=0 started=2026-02-21T15:39:19.766609+00:00 finished=2026-02-21T15:39:19.766947+00:00
15:58:58  INFO      ingest  Checkpoint post-salaries: runlog id=698 table=fact_salary season=2020-21 loader=salaries.load_player_salaries status=ok row_count=0 started=2026-02-21T15:39:12.297765+00:00 finished=2026-02-21T15:39:17.766129+00:00
15:58:58  INFO      ingest  Checkpoint post-salaries: runlog id=697 table=dim_season season=- loader=dimensions.load_seasons.2020 status=ok row_count=0 started=2026-02-21T15:39:12.297826+00:00 finished=2026-02-21T15:39:12.298096+00:00
15:58:58  INFO      ingest  Checkpoint post-salaries: runlog id=696 table=fact_salary season=2019-20 loader=salaries.load_player_salaries status=ok row_count=0 started=2026-02-21T15:39:04.766744+00:00 finished=2026-02-21T15:39:10.296951+00:00
15:58:58  INFO      ingest  Checkpoint post-salaries: runlog id=695 table=dim_season season=- loader=dimensions.load_seasons.2019 status=ok row_count=0 started=2026-02-21T15:39:04.766816+00:00 finished=2026-02-21T15:39:04.767158+00:00
15:58:58  INFO      ingest  Checkpoint post-salaries: runlog id=694 table=fact_salary season=2018-19 loader=salaries.load_player_salaries status=ok row_count=0 started=2026-02-21T15:38:57.272255+00:00 finished=2026-02-21T15:39:02.765965+00:00
15:58:58  INFO      ingest  Checkpoint post-salaries: runlog id=693 table=dim_season season=- loader=dimensions.load_seasons.2018 status=ok row_count=0 started=2026-02-21T15:38:57.272319+00:00 finished=2026-02-21T15:38:57.272580+00:00
15:58:58  INFO      ingest  Checkpoint post-salaries: runlog id=692 table=fact_salary season=2017-18 loader=salaries.load_player_salaries status=ok row_count=0 started=2026-02-21T15:38:49.838594+00:00 finished=2026-02-21T15:38:55.271793+00:00
15:58:58  INFO      ingest  Checkpoint post-salaries: runlog id=691 table=dim_season season=- loader=dimensions.load_seasons.2017 status=ok row_count=0 started=2026-02-21T15:38:49.838663+00:00 finished=2026-02-21T15:38:49.838949+00:00
15:58:58  INFO      ingest  Checkpoint post-salaries: runlog id=690 table=fact_salary season=2016-17 loader=salaries.load_player_salaries status=ok row_count=0 started=2026-02-21T15:38:42.549835+00:00 finished=2026-02-21T15:38:47.837806+00:00
15:58:58  INFO      ingest  --dims-only set; skipping box scores.
15:58:58  INFO      ingest  Ingest total elapsed=32.39s
15:58:58  INFO      ingest  Ingest complete.
